1626145806794	geckodriver	INFO	Listening on 127.0.0.1:59791
1626145809843	mozrunner::runner	INFO	Running command: "C:\\Program Files\\Mozilla Firefox\\firefox.exe" "--marionette" "-foreground" "-no-remote" "-profile" "C:\\Users\\samuelPC\\AppData\\Local\\Temp\\rust_mozprofileb6KeQ4"
1626145810821	Marionette	INFO	Marionette enabled
console.warn: SearchSettings: "get: No settings file exists, new profile?" (new NotFoundError("Could not open the file at C:\\Users\\samuelPC\\AppData\\Local\\Temp\\rust_mozprofileb6KeQ4\\search.json.mozlz4", (void 0)))
1626145812965	Marionette	INFO	Listening on port 59799
1626145813046	Marionette	WARN	TLS certificate errors will be ignored for this session
console.error: "Error while calling actor 'pagestyle's method 'getApplied'" "node is null"
console.error: (new TypeError("node is null", "resource://devtools/server/actors/page-style.js", 570))
1626145879435	Marionette	INFO	Stopped listening on port 59799
JavaScript error: resource://devtools/client/inspector/markup/markup.js, line 2140: TypeError: container is undefined
console.warn: "IGNORED REDUX ACTION:" "AUTOCOMPLETE_CLEAR"

###!!! [Child][RunMessage] Error: Channel closing: too late to send/recv, messages will be lost

1626194474154	geckodriver	INFO	Listening on 127.0.0.1:50263
1626194477142	mozrunner::runner	INFO	Running command: "C:\\Program Files\\Mozilla Firefox\\firefox.exe" "--marionette" "-foreground" "-no-remote" "-profile" "C:\\Users\\samuelPC\\AppData\\Local\\Temp\\rust_mozprofilepST4iC"
1626194516867	geckodriver	INFO	Listening on 127.0.0.1:50314
1626194519913	mozrunner::runner	INFO	Running command: "C:\\Program Files\\Mozilla Firefox\\firefox.exe" "--marionette" "-foreground" "-no-remote" "-profile" "C:\\Users\\samuelPC\\AppData\\Local\\Temp\\rust_mozprofilezKc9So"
1626194520524	Marionette	INFO	Marionette enabled
console.warn: SearchSettings: "get: No settings file exists, new profile?" (new NotFoundError("Could not open the file at C:\\Users\\samuelPC\\AppData\\Local\\Temp\\rust_mozprofilezKc9So\\search.json.mozlz4", (void 0)))
1626194523135	Marionette	INFO	Listening on port 50325
1626194523640	Marionette	WARN	TLS certificate errors will be ignored for this session
1626194531999	Marionette	INFO	Stopped listening on port 50325
console.error: services.settings: 
  main/partitioning-exempt-urls Signature failed  TypeError: NetworkError when attempting to fetch resource.

###!!! [Child][RunMessage] Error: Channel closing: too late to send/recv, messages will be lost

1626194645969	geckodriver	INFO	Listening on 127.0.0.1:50427
1626194649014	mozrunner::runner	INFO	Running command: "C:\\Program Files\\Mozilla Firefox\\firefox.exe" "--marionette" "-foreground" "-no-remote" "-profile" "C:\\Users\\samuelPC\\AppData\\Local\\Temp\\rust_mozprofile2TNHxV"
1626194649461	Marionette	INFO	Marionette enabled
console.warn: SearchSettings: "get: No settings file exists, new profile?" (new NotFoundError("Could not open the file at C:\\Users\\samuelPC\\AppData\\Local\\Temp\\rust_mozprofile2TNHxV\\search.json.mozlz4", (void 0)))
1626194651607	Marionette	INFO	Listening on port 50435
1626194651670	Marionette	WARN	TLS certificate errors will be ignored for this session
1626194659166	Marionette	INFO	Stopped listening on port 50435
console.error: services.settings: 
  main/message-groups Signature failed  TypeError: NetworkError when attempting to fetch resource.
console.error: services.settings: 
  main/partitioning-exempt-urls Signature failed  TypeError: NetworkError when attempting to fetch resource.
1626194984915	geckodriver	INFO	Listening on 127.0.0.1:50567
1626194987952	mozrunner::runner	INFO	Running command: "C:\\Program Files\\Mozilla Firefox\\firefox.exe" "--marionette" "-foreground" "-no-remote" "-profile" "C:\\Users\\samuelPC\\AppData\\Local\\Temp\\rust_mozprofileYw6QTG"
1626194988405	Marionette	INFO	Marionette enabled
console.warn: SearchSettings: "get: No settings file exists, new profile?" (new NotFoundError("Could not open the file at C:\\Users\\samuelPC\\AppData\\Local\\Temp\\rust_mozprofileYw6QTG\\search.json.mozlz4", (void 0)))
1626194990527	Marionette	INFO	Listening on port 50575
1626194990619	Marionette	WARN	TLS certificate errors will be ignored for this session
1626194998305	Marionette	INFO	Stopped listening on port 50575

###!!! [Child][RunMessage] Error: Channel closing: too late to send/recv, messages will be lost

1626195163869	geckodriver	INFO	Listening on 127.0.0.1:50662
1626195166908	mozrunner::runner	INFO	Running command: "C:\\Program Files\\Mozilla Firefox\\firefox.exe" "--marionette" "-foreground" "-no-remote" "-profile" "C:\\Users\\samuelPC\\AppData\\Local\\Temp\\rust_mozprofilec28dKX"
1626195167418	Marionette	INFO	Marionette enabled
console.warn: SearchSettings: "get: No settings file exists, new profile?" (new NotFoundError("Could not open the file at C:\\Users\\samuelPC\\AppData\\Local\\Temp\\rust_mozprofilec28dKX\\search.json.mozlz4", (void 0)))
1626195169945	Marionette	INFO	Listening on port 50679
1626195170066	Marionette	WARN	TLS certificate errors will be ignored for this session
[Parent 15464, IPC I/O Parent] WARNING: pipe error: 232: file /builds/worker/checkouts/gecko/ipc/chromium/src/chrome/common/ipc_channel_win.cc:544
1626195173543	Marionette	INFO	Stopped listening on port 50679
console.warn: services.settings: main/partitioning-exempt-urls sync interrupted by shutdown
console.error: services.settings: 
  main/message-groups Signature failed  TypeError: NetworkError when attempting to fetch resource.
console.error: Region.jsm: "Error fetching region" (new TypeError("NetworkError when attempting to fetch resource.", ""))
console.error: Region.jsm: "Failed to fetch region" (new Error("NO_RESULT", "resource://gre/modules/Region.jsm", 419))

###!!! [Child][RunMessage] Error: Channel closing: too late to send/recv, messages will be lost

1626195195914	geckodriver	INFO	Listening on 127.0.0.1:50759
1626195198954	mozrunner::runner	INFO	Running command: "C:\\Program Files\\Mozilla Firefox\\firefox.exe" "--marionette" "-foreground" "-no-remote" "-profile" "C:\\Users\\samuelPC\\AppData\\Local\\Temp\\rust_mozprofileihuByi"
1626195199402	Marionette	INFO	Marionette enabled
console.warn: SearchSettings: "get: No settings file exists, new profile?" (new NotFoundError("Could not open the file at C:\\Users\\samuelPC\\AppData\\Local\\Temp\\rust_mozprofileihuByi\\search.json.mozlz4", (void 0)))
1626195201577	Marionette	INFO	Listening on port 50767
1626195201617	Marionette	WARN	TLS certificate errors will be ignored for this session
1626195208635	Marionette	INFO	Stopped listening on port 50767
[Child 7940, IPC I/O Child] WARNING: pipe error: 232: file /builds/worker/checkouts/gecko/ipc/chromium/src/chrome/common/ipc_channel_win.cc:544
1626195234489	geckodriver	INFO	Listening on 127.0.0.1:50842
1626195237531	mozrunner::runner	INFO	Running command: "C:\\Program Files\\Mozilla Firefox\\firefox.exe" "--marionette" "-foreground" "-no-remote" "-profile" "C:\\Users\\samuelPC\\AppData\\Local\\Temp\\rust_mozprofileyNdVdy"
1626195237979	Marionette	INFO	Marionette enabled
console.warn: SearchSettings: "get: No settings file exists, new profile?" (new NotFoundError("Could not open the file at C:\\Users\\samuelPC\\AppData\\Local\\Temp\\rust_mozprofileyNdVdy\\search.json.mozlz4", (void 0)))
1626195240231	Marionette	INFO	Listening on port 50853
1626195240706	Marionette	WARN	TLS certificate errors will be ignored for this session
1626195248040	Marionette	INFO	Stopped listening on port 50853

###!!! [Child][RunMessage] Error: Channel closing: too late to send/recv, messages will be lost

1626195261431	geckodriver	INFO	Listening on 127.0.0.1:50949
1626195264476	mozrunner::runner	INFO	Running command: "C:\\Program Files\\Mozilla Firefox\\firefox.exe" "--marionette" "-foreground" "-no-remote" "-profile" "C:\\Users\\samuelPC\\AppData\\Local\\Temp\\rust_mozprofileIgByph"
1626195264928	Marionette	INFO	Marionette enabled
console.warn: SearchSettings: "get: No settings file exists, new profile?" (new NotFoundError("Could not open the file at C:\\Users\\samuelPC\\AppData\\Local\\Temp\\rust_mozprofileIgByph\\search.json.mozlz4", (void 0)))
1626195267158	Marionette	INFO	Listening on port 50958
1626195267634	Marionette	WARN	TLS certificate errors will be ignored for this session
1626195276672	Marionette	INFO	Stopped listening on port 50958
1626195282780	geckodriver	INFO	Listening on 127.0.0.1:51042
1626195285828	mozrunner::runner	INFO	Running command: "C:\\Program Files\\Mozilla Firefox\\firefox.exe" "--marionette" "-foreground" "-no-remote" "-profile" "C:\\Users\\samuelPC\\AppData\\Local\\Temp\\rust_mozprofilevHqUrC"
1626195286275	Marionette	INFO	Marionette enabled
console.warn: SearchSettings: "get: No settings file exists, new profile?" (new NotFoundError("Could not open the file at C:\\Users\\samuelPC\\AppData\\Local\\Temp\\rust_mozprofilevHqUrC\\search.json.mozlz4", (void 0)))
1626195288485	Marionette	INFO	Listening on port 51051
1626195288993	Marionette	WARN	TLS certificate errors will be ignored for this session
1626195298017	Marionette	INFO	Stopped listening on port 51051
[Child 9900, IPC I/O Child] WARNING: pipe error: 232: file /builds/worker/checkouts/gecko/ipc/chromium/src/chrome/common/ipc_channel_win.cc:544
console.error: services.settings: 
  main/whats-new-panel Signature failed  TypeError: NetworkError when attempting to fetch resource.
[Parent 21444, IPC I/O Parent] WARNING: file /builds/worker/checkouts/gecko/ipc/chromium/src/base/process_util_win.cc:167

###!!! [Child][RunMessage] Error: Channel closing: too late to send/recv, messages will be lost

1626195589011	geckodriver	INFO	Listening on 127.0.0.1:51522
1626195592056	mozrunner::runner	INFO	Running command: "C:\\Program Files\\Mozilla Firefox\\firefox.exe" "--marionette" "-foreground" "-no-remote" "-profile" "C:\\Users\\samuelPC\\AppData\\Local\\Temp\\rust_mozprofilebq5nFZ"
1626195592522	Marionette	INFO	Marionette enabled
console.warn: SearchSettings: "get: No settings file exists, new profile?" (new NotFoundError("Could not open the file at C:\\Users\\samuelPC\\AppData\\Local\\Temp\\rust_mozprofilebq5nFZ\\search.json.mozlz4", (void 0)))
1626195594838	Marionette	INFO	Listening on port 51531
1626195595214	Marionette	WARN	TLS certificate errors will be ignored for this session
1626195613505	Marionette	INFO	Stopped listening on port 51531
JavaScript error: , line 0: AbortError: The operation was aborted. 

###!!! [Child][RunMessage] Error: Channel closing: too late to send/recv, messages will be lost

1626195766726	geckodriver	INFO	Listening on 127.0.0.1:51723
1626195769764	mozrunner::runner	INFO	Running command: "C:\\Program Files\\Mozilla Firefox\\firefox.exe" "--marionette" "-foreground" "-no-remote" "-profile" "C:\\Users\\samuelPC\\AppData\\Local\\Temp\\rust_mozprofile8xGQYs"
1626195770237	Marionette	INFO	Marionette enabled
console.warn: SearchSettings: "get: No settings file exists, new profile?" (new NotFoundError("Could not open the file at C:\\Users\\samuelPC\\AppData\\Local\\Temp\\rust_mozprofile8xGQYs\\search.json.mozlz4", (void 0)))
1626195772433	Marionette	INFO	Listening on port 51731
1626195772930	Marionette	WARN	TLS certificate errors will be ignored for this session
1626195791116	Marionette	INFO	Stopped listening on port 51731
[Parent 14316, IPC I/O Parent] WARNING: file /builds/worker/checkouts/gecko/ipc/chromium/src/base/process_util_win.cc:167
1626195851797	geckodriver	INFO	Listening on 127.0.0.1:51994
1626195854837	mozrunner::runner	INFO	Running command: "C:\\Program Files\\Mozilla Firefox\\firefox.exe" "--marionette" "-foreground" "-no-remote" "-profile" "C:\\Users\\samuelPC\\AppData\\Local\\Temp\\rust_mozprofileHPg3Hw"
1626195855294	Marionette	INFO	Marionette enabled
console.warn: SearchSettings: "get: No settings file exists, new profile?" (new NotFoundError("Could not open the file at C:\\Users\\samuelPC\\AppData\\Local\\Temp\\rust_mozprofileHPg3Hw\\search.json.mozlz4", (void 0)))
1626195857704	Marionette	INFO	Listening on port 52002
1626195858002	Marionette	WARN	TLS certificate errors will be ignored for this session
1626195860448	Marionette	INFO	Stopped listening on port 52002

###!!! [Child][MessageChannel] Error: (msgtype=0x590008,name=PHttpChannel::Msg_DeletingChannel) Channel closing: too late to send/recv, messages will be lost


###!!! [Child][RunMessage] Error: Channel closing: too late to send/recv, messages will be lost


###!!! [Child][RunMessage] Error: Channel closing: too late to send/recv, messages will be lost


###!!! [Child][RunMessage] Error: Channel closing: too late to send/recv, messages will be lost


###!!! [Child][MessageChannel] Error: (msgtype=0x390143,name=PContent::Msg_ScriptError) Channel closing: too late to send/recv, messages will be lost


###!!! [Child][RunMessage] Error: Channel closing: too late to send/recv, messages will be lost


###!!! [Child][RunMessage] Error: Channel closing: too late to send/recv, messages will be lost


###!!! [Child][RunMessage] Error: Channel closing: too late to send/recv, messages will be lost


###!!! [Child][RunMessage] Error: Channel closing: too late to send/recv, messages will be lost


###!!! [Child][RunMessage] Error: Channel closing: too late to send/recv, messages will be lost


###!!! [Child][MessageChannel] Error: (msgtype=0x390143,name=PContent::Msg_ScriptError) Channel closing: too late to send/recv, messages will be lost


###!!! [Child][MessageChannel] Error: (msgtype=0x390143,name=PContent::Msg_ScriptError) Channel closing: too late to send/recv, messages will be lost


###!!! [Child][RunMessage] Error: Channel closing: too late to send/recv, messages will be lost


###!!! [Child][RunMessage] Error: Channel closing: too late to send/recv, messages will be lost


###!!! [Child][RunMessage] Error: Channel closing: too late to send/recv, messages will be lost


###!!! [Child][MessageChannel] Error: (msgtype=0x390143,name=PContent::Msg_ScriptError) Channel closing: too late to send/recv, messages will be lost


###!!! [Parent][MessageChannel] Error: (msgtype=0x390079,name=PContent::Msg_DestroyBrowsingContextGroup) Closed channel: cannot send/recv

JavaScript error: resource://gre/modules/Sqlite.jsm, line 1030: Error: Sqlite.jsm has been shutdown. Cannot open connection to: C:\Users\samuelPC\AppData\Local\Temp\rust_mozprofileHPg3Hw\protections.sqlite

###!!! [Child][RunMessage] Error: Channel closing: too late to send/recv, messages will be lost

1626195878638	geckodriver	INFO	Listening on 127.0.0.1:52072
1626195881678	mozrunner::runner	INFO	Running command: "C:\\Program Files\\Mozilla Firefox\\firefox.exe" "--marionette" "-foreground" "-no-remote" "-profile" "C:\\Users\\samuelPC\\AppData\\Local\\Temp\\rust_mozprofilerI9k3b"
1626195882125	Marionette	INFO	Marionette enabled
console.warn: SearchSettings: "get: No settings file exists, new profile?" (new NotFoundError("Could not open the file at C:\\Users\\samuelPC\\AppData\\Local\\Temp\\rust_mozprofilerI9k3b\\search.json.mozlz4", (void 0)))
1626195884303	Marionette	INFO	Listening on port 52081
1626195884345	Marionette	WARN	TLS certificate errors will be ignored for this session
1626195900033	Marionette	WARN	Ignoring event 'DOMContentLoaded' because document has an invalid readyState of 'complete'.
1626195904593	Marionette	INFO	Stopped listening on port 52081

###!!! [Child][RunMessage] Error: Channel closing: too late to send/recv, messages will be lost

1626198408357	geckodriver	INFO	Listening on 127.0.0.1:57449
1626198411396	mozrunner::runner	INFO	Running command: "C:\\Program Files\\Mozilla Firefox\\firefox.exe" "--marionette" "-foreground" "-no-remote" "-profile" "C:\\Users\\samuelPC\\AppData\\Local\\Temp\\rust_mozprofiledcWwFf"
1626198411972	Marionette	INFO	Marionette enabled
console.warn: SearchSettings: "get: No settings file exists, new profile?" (new NotFoundError("Could not open the file at C:\\Users\\samuelPC\\AppData\\Local\\Temp\\rust_mozprofiledcWwFf\\search.json.mozlz4", (void 0)))
1626198414507	Marionette	INFO	Listening on port 52017
1626198414594	Marionette	WARN	TLS certificate errors will be ignored for this session
JavaScript warning: https://apps.bdimg.com/libs/jquery/1.10.2/jquery.min.js, line 2: Using //@ to indicate sourceMappingURL pragmas is deprecated. Use //# instead
1626198417193	Marionette	WARN	Ignoring event 'pageshow' because document has an invalid readyState of 'uninitialized'.
1626198417198	Marionette	WARN	Ignoring event 'pageshow' because document has an invalid readyState of 'uninitialized'.
1626198422478	Marionette	INFO	Stopped listening on port 52017
console.error: services.settings: 
  main/partitioning-exempt-urls Signature failed  TypeError: NetworkError when attempting to fetch resource.

###!!! [Child][RunMessage] Error: Channel closing: too late to send/recv, messages will be lost

1626198537705	geckodriver	INFO	Listening on 127.0.0.1:58459
1626198540735	mozrunner::runner	INFO	Running command: "C:\\Program Files\\Mozilla Firefox\\firefox.exe" "--marionette" "-foreground" "-no-remote" "-profile" "C:\\Users\\samuelPC\\AppData\\Local\\Temp\\rust_mozprofileuh404j"
1626198541304	Marionette	INFO	Marionette enabled
console.warn: SearchSettings: "get: No settings file exists, new profile?" (new NotFoundError("Could not open the file at C:\\Users\\samuelPC\\AppData\\Local\\Temp\\rust_mozprofileuh404j\\search.json.mozlz4", (void 0)))
1626198543555	Marionette	INFO	Listening on port 63237
1626198543905	Marionette	WARN	TLS certificate errors will be ignored for this session
JavaScript warning: https://apps.bdimg.com/libs/jquery/1.10.2/jquery.min.js, line 2: Using //@ to indicate sourceMappingURL pragmas is deprecated. Use //# instead
1626198549407	Marionette	INFO	Stopped listening on port 63237
JavaScript error: , line 0: uncaught exception: undefined
JavaScript error: , line 0: TypeError: NetworkError when attempting to fetch resource.

###!!! [Child][RunMessage] Error: Channel closing: too late to send/recv, messages will be lost

1626198615530	geckodriver	INFO	Listening on 127.0.0.1:49562
1626198619223	geckodriver	INFO	Listening on 127.0.0.1:57253
1626198622264	mozrunner::runner	INFO	Running command: "C:\\Program Files\\Mozilla Firefox\\firefox.exe" "--marionette" "-foreground" "-no-remote" "-profile" "C:\\Users\\samuelPC\\AppData\\Local\\Temp\\rust_mozprofileCXnplY"
1626198622713	Marionette	INFO	Marionette enabled
1626198626774	geckodriver	INFO	Listening on 127.0.0.1:60265
1626198629815	mozrunner::runner	INFO	Running command: "C:\\Program Files\\Mozilla Firefox\\firefox.exe" "--marionette" "-foreground" "-no-remote" "-profile" "C:\\Users\\samuelPC\\AppData\\Local\\Temp\\rust_mozprofile4gfokj"
1626198630257	Marionette	INFO	Marionette enabled
console.warn: SearchSettings: "get: No settings file exists, new profile?" (new NotFoundError("Could not open the file at C:\\Users\\samuelPC\\AppData\\Local\\Temp\\rust_mozprofile4gfokj\\search.json.mozlz4", (void 0)))
1626198632713	Marionette	INFO	Listening on port 59310
1626198632975	Marionette	WARN	TLS certificate errors will be ignored for this session
JavaScript warning: https://apps.bdimg.com/libs/jquery/1.10.2/jquery.min.js, line 2: Using //@ to indicate sourceMappingURL pragmas is deprecated. Use //# instead
1626198645557	Marionette	INFO	Stopped listening on port 59310
1626198870750	geckodriver	INFO	Listening on 127.0.0.1:57179
1626198873788	mozrunner::runner	INFO	Running command: "C:\\Program Files\\Mozilla Firefox\\firefox.exe" "--marionette" "-foreground" "-no-remote" "-profile" "C:\\Users\\samuelPC\\AppData\\Local\\Temp\\rust_mozprofileNGIFEZ"
1626198874224	Marionette	INFO	Marionette enabled
console.warn: SearchSettings: "get: No settings file exists, new profile?" (new NotFoundError("Could not open the file at C:\\Users\\samuelPC\\AppData\\Local\\Temp\\rust_mozprofileNGIFEZ\\search.json.mozlz4", (void 0)))
1626198876518	Marionette	INFO	Listening on port 53799
1626198876950	Marionette	WARN	TLS certificate errors will be ignored for this session
JavaScript warning: https://apps.bdimg.com/libs/jquery/1.10.2/jquery.min.js, line 2: Using //@ to indicate sourceMappingURL pragmas is deprecated. Use //# instead
JavaScript error: , line 0: uncaught exception: undefined
1626198884716	Marionette	INFO	Stopped listening on port 53799
JavaScript error: , line 0: TypeError: NetworkError when attempting to fetch resource.

###!!! [Child][RunMessage] Error: Channel closing: too late to send/recv, messages will be lost

1626198897693	geckodriver	INFO	Listening on 127.0.0.1:52724
1626198900734	mozrunner::runner	INFO	Running command: "C:\\Program Files\\Mozilla Firefox\\firefox.exe" "--marionette" "-foreground" "-no-remote" "-profile" "C:\\Users\\samuelPC\\AppData\\Local\\Temp\\rust_mozprofileuJrZKc"
1626198901310	Marionette	INFO	Marionette enabled
console.warn: SearchSettings: "get: No settings file exists, new profile?" (new NotFoundError("Could not open the file at C:\\Users\\samuelPC\\AppData\\Local\\Temp\\rust_mozprofileuJrZKc\\search.json.mozlz4", (void 0)))
1626198903912	Marionette	INFO	Listening on port 59888
1626198904404	Marionette	WARN	TLS certificate errors will be ignored for this session
JavaScript warning: https://apps.bdimg.com/libs/jquery/1.10.2/jquery.min.js, line 2: Using //@ to indicate sourceMappingURL pragmas is deprecated. Use //# instead
1626198906095	Marionette	WARN	Ignoring event 'pageshow' because document has an invalid readyState of 'uninitialized'.
1626198906096	Marionette	WARN	Ignoring event 'pageshow' because document has an invalid readyState of 'uninitialized'.
1626198906479	Marionette	INFO	Stopped listening on port 59888
JavaScript error: , line 0: uncaught exception: undefined
console.error: services.settings: 
  main/partitioning-exempt-urls Signature failed  TypeError: NetworkError when attempting to fetch resource.
1626198996164	geckodriver	INFO	Listening on 127.0.0.1:55831
1626198999206	mozrunner::runner	INFO	Running command: "C:\\Program Files\\Mozilla Firefox\\firefox.exe" "--marionette" "-foreground" "-no-remote" "-profile" "C:\\Users\\samuelPC\\AppData\\Local\\Temp\\rust_mozprofiledG9DZV"
1626198999675	Marionette	INFO	Marionette enabled
console.warn: SearchSettings: "get: No settings file exists, new profile?" (new NotFoundError("Could not open the file at C:\\Users\\samuelPC\\AppData\\Local\\Temp\\rust_mozprofiledG9DZV\\search.json.mozlz4", (void 0)))
1626199002287	Marionette	INFO	Listening on port 63460
1626199002371	Marionette	WARN	TLS certificate errors will be ignored for this session
JavaScript warning: https://apps.bdimg.com/libs/jquery/1.10.2/jquery.min.js, line 2: Using //@ to indicate sourceMappingURL pragmas is deprecated. Use //# instead
1626199007211	Marionette	INFO	Stopped listening on port 63460

###!!! [Child][RunMessage] Error: Channel closing: too late to send/recv, messages will be lost

1626199889033	geckodriver	INFO	Listening on 127.0.0.1:54226
1626199892062	mozrunner::runner	INFO	Running command: "C:\\Program Files\\Mozilla Firefox\\firefox.exe" "--marionette" "-foreground" "-no-remote" "-profile" "C:\\Users\\samuelPC\\AppData\\Local\\Temp\\rust_mozprofileod4AJE"
1626199892566	Marionette	INFO	Marionette enabled
console.warn: SearchSettings: "get: No settings file exists, new profile?" (new NotFoundError("Could not open the file at C:\\Users\\samuelPC\\AppData\\Local\\Temp\\rust_mozprofileod4AJE\\search.json.mozlz4", (void 0)))
1626199894685	Marionette	INFO	Listening on port 54238
1626199894722	Marionette	WARN	TLS certificate errors will be ignored for this session
JavaScript warning: https://apps.bdimg.com/libs/jquery/1.10.2/jquery.min.js, line 2: Using //@ to indicate sourceMappingURL pragmas is deprecated. Use //# instead
1626199900618	Marionette	INFO	Stopped listening on port 54238
1626199929821	geckodriver	INFO	Listening on 127.0.0.1:54307
1626199932859	mozrunner::runner	INFO	Running command: "C:\\Program Files\\Mozilla Firefox\\firefox.exe" "--marionette" "-foreground" "-no-remote" "-profile" "C:\\Users\\samuelPC\\AppData\\Local\\Temp\\rust_mozprofilegqqSmO"
1626199933289	Marionette	INFO	Marionette enabled
console.warn: SearchSettings: "get: No settings file exists, new profile?" (new NotFoundError("Could not open the file at C:\\Users\\samuelPC\\AppData\\Local\\Temp\\rust_mozprofilegqqSmO\\search.json.mozlz4", (void 0)))
1626199935532	Marionette	INFO	Listening on port 54315
1626199936013	Marionette	WARN	TLS certificate errors will be ignored for this session
JavaScript warning: https://apps.bdimg.com/libs/jquery/1.10.2/jquery.min.js, line 2: Using //@ to indicate sourceMappingURL pragmas is deprecated. Use //# instead
1626199942519	Marionette	INFO	Stopped listening on port 54315
JavaScript error: , line 0: TypeError: NetworkError when attempting to fetch resource.

###!!! [Child][RunMessage] Error: Channel closing: too late to send/recv, messages will be lost

1626230759041	geckodriver	INFO	Listening on 127.0.0.1:50136
1626230762086	mozrunner::runner	INFO	Running command: "C:\\Program Files\\Mozilla Firefox\\firefox.exe" "--marionette" "-foreground" "-no-remote" "-profile" "C:\\Users\\samuelPC\\AppData\\Local\\Temp\\rust_mozprofilejOxa1U"
1626230762583	Marionette	INFO	Marionette enabled
console.warn: SearchSettings: "get: No settings file exists, new profile?" (new NotFoundError("Could not open the file at C:\\Users\\samuelPC\\AppData\\Local\\Temp\\rust_mozprofilejOxa1U\\search.json.mozlz4", (void 0)))
1626230764883	Marionette	INFO	Listening on port 50145
1626230765281	Marionette	WARN	TLS certificate errors will be ignored for this session
console.warn: SearchTelemetry: "Expected to report URI for" "https://www.baidu.com/s?ie=utf-8&f=8&rsv_bp=1&rsv_idx=1&tn=baidu&wd=selenium&fenlei=256&rsv_pq=f397738e000494f5&rsv_t=0096zwrFp0ew9Z9ZvOV%2Bx0aOEmp6CAoPt%2FmyDNKkLMgjbqnCCI8pxBg%2BBhc&rqlang=cn&rsv_enter=1&rsv_dl=tb&rsv_sug3=8&rsv_btype=i&inputT=242&rsv_sug4=242" "with ads but couldn't find the information"
1626230768402	Marionette	INFO	Stopped listening on port 50145
[Child 1736, IPC I/O Child] WARNING: pipe error: 232: file /builds/worker/checkouts/gecko/ipc/chromium/src/chrome/common/ipc_channel_win.cc:544
console.error: Region.jsm: "Error fetching region" (new TypeError("NetworkError when attempting to fetch resource.", ""))
console.error: Region.jsm: "Failed to fetch region" (new Error("NO_RESULT", "resource://gre/modules/Region.jsm", 419))

###!!! [Child][RunMessage] Error: Channel closing: too late to send/recv, messages will be lost

1626230788521	geckodriver	INFO	Listening on 127.0.0.1:50238
1626230791560	mozrunner::runner	INFO	Running command: "C:\\Program Files\\Mozilla Firefox\\firefox.exe" "--marionette" "-foreground" "-no-remote" "-profile" "C:\\Users\\samuelPC\\AppData\\Local\\Temp\\rust_mozprofile4p1vav"
1626230792126	Marionette	INFO	Marionette enabled
console.warn: SearchSettings: "get: No settings file exists, new profile?" (new NotFoundError("Could not open the file at C:\\Users\\samuelPC\\AppData\\Local\\Temp\\rust_mozprofile4p1vav\\search.json.mozlz4", (void 0)))
1626230794322	Marionette	INFO	Listening on port 50246
1626230794722	Marionette	WARN	TLS certificate errors will be ignored for this session
JavaScript error: resource:///actors/ContentMetaChild.jsm, line 179: InvalidStateError: JSWindowActorChild.sendAsyncMessage: JSWindowActorChild cannot send at the moment
1626230796637	Marionette	WARN	Ignoring event 'DOMContentLoaded' because document has an invalid readyState of 'complete'.
1626230800382	Marionette	INFO	Stopped listening on port 50246
1626230822164	geckodriver	INFO	Listening on 127.0.0.1:50339
1626230825202	mozrunner::runner	INFO	Running command: "C:\\Program Files\\Mozilla Firefox\\firefox.exe" "--marionette" "-foreground" "-no-remote" "-profile" "C:\\Users\\samuelPC\\AppData\\Local\\Temp\\rust_mozprofileloC50n"
1626230825676	Marionette	INFO	Marionette enabled
console.warn: SearchSettings: "get: No settings file exists, new profile?" (new NotFoundError("Could not open the file at C:\\Users\\samuelPC\\AppData\\Local\\Temp\\rust_mozprofileloC50n\\search.json.mozlz4", (void 0)))
1626230827857	Marionette	INFO	Listening on port 50348
1626230828365	Marionette	WARN	TLS certificate errors will be ignored for this session
console.warn: SearchTelemetry: "Expected to report URI for" "https://www.baidu.com/s?ie=utf-8&f=8&rsv_bp=1&rsv_idx=1&tn=baidu&wd=selenium&fenlei=256&rsv_pq=90c4ea9000006a3e&rsv_t=733ct8MJhDqWOCs%2FhA5eUnuu%2FnnyJaOC6qpYR9qIVm67XIHDNqDKkNelGAM&rqlang=cn&rsv_enter=1&rsv_dl=tb&rsv_sug3=8&rsv_btype=i&inputT=154&rsv_sug4=154" "with ads but couldn't find the information"
1626230835841	Marionette	INFO	Stopped listening on port 50348

###!!! [Child][RunMessage] Error: Channel closing: too late to send/recv, messages will be lost

1626230842112	geckodriver	INFO	Listening on 127.0.0.1:50435
1626230845140	mozrunner::runner	INFO	Running command: "C:\\Program Files\\Mozilla Firefox\\firefox.exe" "--marionette" "-foreground" "-no-remote" "-profile" "C:\\Users\\samuelPC\\AppData\\Local\\Temp\\rust_mozprofilegtadQq"
1626230845567	Marionette	INFO	Marionette enabled
console.warn: SearchSettings: "get: No settings file exists, new profile?" (new NotFoundError("Could not open the file at C:\\Users\\samuelPC\\AppData\\Local\\Temp\\rust_mozprofilegtadQq\\search.json.mozlz4", (void 0)))
1626230847535	Marionette	INFO	Listening on port 50443
1626230847797	Marionette	WARN	TLS certificate errors will be ignored for this session
console.warn: SearchTelemetry: "Expected to report URI for" "https://www.baidu.com/s?ie=utf-8&f=8&rsv_bp=1&rsv_idx=1&tn=baidu&wd=selenium&fenlei=256&rsv_pq=ff5d9cfc00006008&rsv_t=560ey9SBcdoHxEEYlyYZFnmBtSix2DZ%2FoNhbrkrUGKcXMUo7WEKNcdpsTQg&rqlang=cn&rsv_enter=1&rsv_dl=tb&rsv_sug3=8&rsv_btype=i&inputT=134&rsv_sug4=134" "with ads but couldn't find the information"
1626230859686	Marionette	INFO	Stopped listening on port 50443

###!!! [Child][RunMessage] Error: Channel closing: too late to send/recv, messages will be lost

1626230879214	geckodriver	INFO	Listening on 127.0.0.1:50554
1626230882257	mozrunner::runner	INFO	Running command: "C:\\Program Files\\Mozilla Firefox\\firefox.exe" "--marionette" "-foreground" "-no-remote" "-profile" "C:\\Users\\samuelPC\\AppData\\Local\\Temp\\rust_mozprofile2lWjei"
1626230882691	Marionette	INFO	Marionette enabled
console.warn: SearchSettings: "get: No settings file exists, new profile?" (new NotFoundError("Could not open the file at C:\\Users\\samuelPC\\AppData\\Local\\Temp\\rust_mozprofile2lWjei\\search.json.mozlz4", (void 0)))
1626230884790	Marionette	INFO	Listening on port 50562
1626230884918	Marionette	WARN	TLS certificate errors will be ignored for this session
1626230900081	Marionette	INFO	Stopped listening on port 50562

###!!! [Child][RunMessage] Error: Channel closing: too late to send/recv, messages will be lost

1626230914601	geckodriver	INFO	Listening on 127.0.0.1:50687
1626230917641	mozrunner::runner	INFO	Running command: "C:\\Program Files\\Mozilla Firefox\\firefox.exe" "--marionette" "-foreground" "-no-remote" "-profile" "C:\\Users\\samuelPC\\AppData\\Local\\Temp\\rust_mozprofile0K5qws"
1626230918232	Marionette	INFO	Marionette enabled
console.warn: SearchSettings: "get: No settings file exists, new profile?" (new NotFoundError("Could not open the file at C:\\Users\\samuelPC\\AppData\\Local\\Temp\\rust_mozprofile0K5qws\\search.json.mozlz4", (void 0)))
1626230920958	Marionette	INFO	Listening on port 50699
1626230921300	Marionette	WARN	TLS certificate errors will be ignored for this session
1626230939142	Marionette	INFO	Stopped listening on port 50699
1626231024598	geckodriver	INFO	Listening on 127.0.0.1:50883
1626231027639	mozrunner::runner	INFO	Running command: "C:\\Program Files\\Mozilla Firefox\\firefox.exe" "--marionette" "-foreground" "-no-remote" "-profile" "C:\\Users\\samuelPC\\AppData\\Local\\Temp\\rust_mozprofilejGG7EN"
1626231028067	Marionette	INFO	Marionette enabled
console.warn: SearchSettings: "get: No settings file exists, new profile?" (new NotFoundError("Could not open the file at C:\\Users\\samuelPC\\AppData\\Local\\Temp\\rust_mozprofilejGG7EN\\search.json.mozlz4", (void 0)))
1626231030154	Marionette	INFO	Listening on port 50891
1626231030300	Marionette	WARN	TLS certificate errors will be ignored for this session
console.warn: SearchTelemetry: "Expected to report URI for" "https://www.baidu.com/s?ie=utf-8&f=8&rsv_bp=1&rsv_idx=1&tn=baidu&wd=selenium&fenlei=256&rsv_pq=e52f894100005a93&rsv_t=0370JfrXkva6VxA%2B8OuuTh6fnO9bbCGM0jwK94sH04NERQ8GMzuCr%2FCKwHY&rqlang=cn&rsv_enter=1&rsv_dl=tb&rsv_sug3=8&rsv_btype=i&inputT=111&rsv_sug4=112" "with ads but couldn't find the information"
1626231045225	Marionette	INFO	Stopped listening on port 50891

###!!! [Child][RunMessage] Error: Channel closing: too late to send/recv, messages will be lost

1626231107215	geckodriver	INFO	Listening on 127.0.0.1:51029
1626231110255	mozrunner::runner	INFO	Running command: "C:\\Program Files\\Mozilla Firefox\\firefox.exe" "--marionette" "-foreground" "-no-remote" "-profile" "C:\\Users\\samuelPC\\AppData\\Local\\Temp\\rust_mozprofileePrarq"
1626231110715	Marionette	INFO	Marionette enabled
console.warn: SearchSettings: "get: No settings file exists, new profile?" (new NotFoundError("Could not open the file at C:\\Users\\samuelPC\\AppData\\Local\\Temp\\rust_mozprofileePrarq\\search.json.mozlz4", (void 0)))
1626231112976	Marionette	INFO	Listening on port 51037
1626231113430	Marionette	WARN	TLS certificate errors will be ignored for this session
console.warn: SearchTelemetry: "Expected to report URI for" "https://www.baidu.com/s?ie=utf-8&f=8&rsv_bp=1&rsv_idx=1&tn=baidu&wd=selenium&fenlei=256&rsv_pq=8308428900000228&rsv_t=ea7eUZYd%2FxhKOXmbphhW%2B5lmDNyR0xaD%2B7FccL2J501HSdOvtXuiUr3Uoks&rqlang=cn&rsv_enter=1&rsv_dl=tb&rsv_sug3=8&rsv_btype=i&inputT=155&rsv_sug4=155" "with ads but couldn't find the information"
1626231128585	Marionette	INFO	Stopped listening on port 51037

###!!! [Child][RunMessage] Error: Channel closing: too late to send/recv, messages will be lost

1626231158047	geckodriver	INFO	Listening on 127.0.0.1:51342
1626231161089	mozrunner::runner	INFO	Running command: "C:\\Program Files\\Mozilla Firefox\\firefox.exe" "--marionette" "-foreground" "-no-remote" "-profile" "C:\\Users\\samuelPC\\AppData\\Local\\Temp\\rust_mozprofile61eVQR"
1626231161705	Marionette	INFO	Marionette enabled
console.warn: SearchSettings: "get: No settings file exists, new profile?" (new NotFoundError("Could not open the file at C:\\Users\\samuelPC\\AppData\\Local\\Temp\\rust_mozprofile61eVQR\\search.json.mozlz4", (void 0)))
1626231163835	Marionette	INFO	Listening on port 51353
1626231164247	Marionette	WARN	TLS certificate errors will be ignored for this session
console.warn: SearchTelemetry: "Expected to report URI for" "https://www.baidu.com/s?ie=utf-8&f=8&rsv_bp=1&rsv_idx=1&tn=baidu&wd=selenium&fenlei=256&rsv_pq=dcff29ba000131d3&rsv_t=4f01QLGQscdfof4yyOV%2FWs6h4kNEXlE4u1K2kHdxXZpL8aS80o%2FHXnBf7Rw&rqlang=cn&rsv_enter=1&rsv_dl=tb&rsv_sug3=8&rsv_btype=i&inputT=148&rsv_sug4=148" "with ads but couldn't find the information"
1626231180729	Marionette	INFO	Stopped listening on port 51353

###!!! [Child][RunMessage] Error: Channel closing: too late to send/recv, messages will be lost

1626232264028	geckodriver	INFO	Listening on 127.0.0.1:51623
1626232267065	mozrunner::runner	INFO	Running command: "C:\\Program Files\\Mozilla Firefox\\firefox.exe" "--marionette" "-foreground" "-no-remote" "-profile" "C:\\Users\\samuelPC\\AppData\\Local\\Temp\\rust_mozprofilezl1fM7"
1626232269254	Marionette	INFO	Marionette enabled
console.warn: SearchSettings: "get: No settings file exists, new profile?" (new NotFoundError("Could not open the file at C:\\Users\\samuelPC\\AppData\\Local\\Temp\\rust_mozprofilezl1fM7\\search.json.mozlz4", (void 0)))
1626232272207	Marionette	INFO	Listening on port 51631
1626232272325	Marionette	WARN	TLS certificate errors will be ignored for this session
1626232315085	Marionette	INFO	Stopped listening on port 51631

###!!! [Child][RunMessage] Error: Channel closing: too late to send/recv, messages will be lost

"--marionette" "-foreground" "-no-remote" "-profile" "C:\\Users\\samuelPC\\AppData\\Local\\Temp\\rust_mozprofileiLapG3"
1626232312943	Marionette	INFO	Marionette enabled
console.warn: SearchSettings: "get: No settings file exists, new profile?" (new NotFoundError("Could not open the file at C:\\Users\\samuelPC\\AppData\\Local\\Temp\\rust_mozprofileiLapG3\\search.json.mozlz4", (void 0)))
1626232315314	Marionette	INFO	Listening on port 51706
1626232315426	Marionette	WARN	TLS certificate errors will be ignored for this session
1626232321612	Marionette	INFO	Stopped listening on port 51706

###!!! [Child][RunMessage] Error: Channel closing: too late to send/recv, messages will be lost

1626232483544	geckodriver	INFO	Listening on 127.0.0.1:51783
1626232486583	mozrunner::runner	INFO	Running command: "C:\\Program Files\\Mozilla Firefox\\firefox.exe" "--marionette" "-foreground" "-no-remote" "-profile" "C:\\Users\\samuelPC\\AppData\\Local\\Temp\\rust_mozprofileTvQWwT"
1626232487055	Marionette	INFO	Marionette enabled
console.warn: SearchSettings: "get: No settings file exists, new profile?" (new NotFoundError("Could not open the file at C:\\Users\\samuelPC\\AppData\\Local\\Temp\\rust_mozprofileTvQWwT\\search.json.mozlz4", (void 0)))
1626232489489	Marionette	INFO	Listening on port 51791
1626232489742	Marionette	WARN	TLS certificate errors will be ignored for this session
1626232495568	Marionette	INFO	Stopped listening on port 51791
1626232573868	geckodriver	INFO	Listening on 127.0.0.1:51858
1626232576908	mozrunner::runner	INFO	Running command: "C:\\Program Files\\Mozilla Firefox\\firefox.exe" "--marionette" "-foreground" "-no-remote" "-profile" "C:\\Users\\samuelPC\\AppData\\Local\\Temp\\rust_mozprofileR96EN6"
1626232577444	Marionette	INFO	Marionette enabled
console.warn: SearchSettings: "get: No settings file exists, new profile?" (new NotFoundError("Could not open the file at C:\\Users\\samuelPC\\AppData\\Local\\Temp\\rust_mozprofileR96EN6\\search.json.mozlz4", (void 0)))
1626232579764	Marionette	INFO	Listening on port 51867
1626232580069	Marionette	WARN	TLS certificate errors will be ignored for this session
1626232597663	Marionette	INFO	Stopped listening on port 51867

###!!! [Child][RunMessage] Error: Channel closing: too late to send/recv, messages will be lost

1626232679957	geckodriver	INFO	Listening on 127.0.0.1:51947
1626232682991	mozrunner::runner	INFO	Running command: "C:\\Program Files\\Mozilla Firefox\\firefox.exe" "--marionette" "-foreground" "-no-remote" "-profile" "C:\\Users\\samuelPC\\AppData\\Local\\Temp\\rust_mozprofileUInLJj"
1626232683431	Marionette	INFO	Marionette enabled
console.warn: SearchSettings: "get: No settings file exists, new profile?" (new NotFoundError("Could not open the file at C:\\Users\\samuelPC\\AppData\\Local\\Temp\\rust_mozprofileUInLJj\\search.json.mozlz4", (void 0)))
1626232685671	Marionette	INFO	Listening on port 51957
1626232686143	Marionette	WARN	TLS certificate errors will be ignored for this session
console.error: services.settings: 
  main/doh-config Signature failed  InvalidSignatureError: Invalid content signature (main/doh-config)
console.error: services.settings: 
  main/doh-config local data was corrupted
console.warn: services.settings: main/doh-config Signature verified failed. Retry from scratch
console.error: services.settings: 
  main/doh-providers Signature failed  InvalidSignatureError: Invalid content signature (main/doh-providers)
console.error: services.settings: 
  main/doh-providers local data was corrupted
console.warn: services.settings: main/doh-providers Signature verified failed. Retry from scratch
console.log: WebExtensions: reset-default-search: starting.
console.log: WebExtensions: reset-default-search: No addons in our list are installed.
1626233410916	Marionette	INFO	Stopped listening on port 51957

###!!! [Child][RunMessage] Error: Channel closing: too late to send/recv, messages will be lost

	Running command: "C:\\Program Files\\Mozilla Firefox\\firefox.exe" "--marionette" "-foreground" "-no-remote" "-profile" "C:\\Users\\samuelPC\\AppData\\Local\\Temp\\rust_mozprofilewDHo4N"
1626232819086	Marionette	INFO	Marionette enabled
console.warn: SearchSettings: "get: No settings file exists, new profile?" (new NotFoundError("Could not open the file at C:\\Users\\samuelPC\\AppData\\Local\\Temp\\rust_mozprofilewDHo4N\\search.json.mozlz4", (void 0)))
1626232821070	Marionette	INFO	Listening on port 52140
1626232821154	Marionette	WARN	TLS certificate errors will be ignored for this session
1626232831686	Marionette	INFO	Stopped listening on port 52140

###!!! [Child][RunMessage] Error: Channel closing: too late to send/recv, messages will be lost

1626233374250	geckodriver	INFO	Listening on 127.0.0.1:52452
1626233377289	mozrunner::runner	INFO	Running command: "C:\\Program Files\\Mozilla Firefox\\firefox.exe" "--marionette" "-foreground" "-no-remote" "-profile" "C:\\Users\\samuelPC\\AppData\\Local\\Temp\\rust_mozprofileD8ask3"
1626233378001	Marionette	INFO	Marionette enabled
console.warn: SearchSettings: "get: No settings file exists, new profile?" (new NotFoundError("Could not open the file at C:\\Users\\samuelPC\\AppData\\Local\\Temp\\rust_mozprofileD8ask3\\search.json.mozlz4", (void 0)))
1626233380656	Marionette	INFO	Listening on port 52460
1626233380950	Marionette	WARN	TLS certificate errors will be ignored for this session
1626233404255	Marionette	INFO	Stopped listening on port 52460

###!!! [Child][RunMessage] Error: Channel closing: too late to send/recv, messages will be lost

1626233561655	geckodriver	INFO	Listening on 127.0.0.1:52651
1626233564694	mozrunner::runner	INFO	Running command: "C:\\Program Files\\Mozilla Firefox\\firefox.exe" "--marionette" "-foreground" "-no-remote" "-profile" "C:\\Users\\samuelPC\\AppData\\Local\\Temp\\rust_mozprofileBFhvWo"
1626233565148	Marionette	INFO	Marionette enabled
console.warn: SearchSettings: "get: No settings file exists, new profile?" (new NotFoundError("Could not open the file at C:\\Users\\samuelPC\\AppData\\Local\\Temp\\rust_mozprofileBFhvWo\\search.json.mozlz4", (void 0)))
1626233567366	Marionette	INFO	Listening on port 52660
1626233567854	Marionette	WARN	TLS certificate errors will be ignored for this session
1626233681294	Marionette	INFO	Stopped listening on port 52660

###!!! [Child][RunMessage] Error: Channel closing: too late to send/recv, messages will be lost

"--marionette" "-foreground" "-no-remote" "-profile" "C:\\Users\\samuelPC\\AppData\\Local\\Temp\\rust_mozprofileMcvnDx"
1626233632953	Marionette	INFO	Marionette enabled
console.warn: SearchSettings: "get: No settings file exists, new profile?" (new NotFoundError("Could not open the file at C:\\Users\\samuelPC\\AppData\\Local\\Temp\\rust_mozprofileMcvnDx\\search.json.mozlz4", (void 0)))
1626233635169	Marionette	INFO	Listening on port 52744
1626233635693	Marionette	WARN	TLS certificate errors will be ignored for this session
1626233678214	Marionette	INFO	Stopped listening on port 52744

###!!! [Child][RunMessage] Error: Channel closing: too late to send/recv, messages will be lost

1626234125183	geckodriver	INFO	Listening on 127.0.0.1:52862
1626234128215	mozrunner::runner	INFO	Running command: "C:\\Program Files\\Mozilla Firefox\\firefox.exe" "--marionette" "-foreground" "-no-remote" "-profile" "C:\\Users\\samuelPC\\AppData\\Local\\Temp\\rust_mozprofileD5X9PQ"
1626234128737	Marionette	INFO	Marionette enabled
console.warn: SearchSettings: "get: No settings file exists, new profile?" (new NotFoundError("Could not open the file at C:\\Users\\samuelPC\\AppData\\Local\\Temp\\rust_mozprofileD5X9PQ\\search.json.mozlz4", (void 0)))
1626234131016	Marionette	INFO	Listening on port 52870
1626234131382	Marionette	WARN	TLS certificate errors will be ignored for this session
1626234139819	Marionette	INFO	Stopped listening on port 52870

###!!! [Child][RunMessage] Error: Channel closing: too late to send/recv, messages will be lost

1626234198888	geckodriver	INFO	Listening on 127.0.0.1:52940
1626234201926	mozrunner::runner	INFO	Running command: "C:\\Program Files\\Mozilla Firefox\\firefox.exe" "--marionette" "-foreground" "-no-remote" "-profile" "C:\\Users\\samuelPC\\AppData\\Local\\Temp\\rust_mozprofileBLOhIe"
1626234202354	Marionette	INFO	Marionette enabled
console.warn: SearchSettings: "get: No settings file exists, new profile?" (new NotFoundError("Could not open the file at C:\\Users\\samuelPC\\AppData\\Local\\Temp\\rust_mozprofileBLOhIe\\search.json.mozlz4", (void 0)))
1626234204337	Marionette	INFO	Listening on port 52948
[Child 7256, IPC I/O Child] WARNING: pipe error: 232: file /builds/worker/checkouts/gecko/ipc/chromium/src/chrome/common/ipc_channel_win.cc:544
1626234204578	Marionette	WARN	TLS certificate errors will be ignored for this session
1626234236484	Marionette	INFO	Stopped listening on port 52948

###!!! [Child][RunMessage] Error: Channel closing: too late to send/recv, messages will be lost

1626234238675	geckodriver	INFO	Listening on 127.0.0.1:53007
1626234241707	mozrunner::runner	INFO	Running command: "C:\\Program Files\\Mozilla Firefox\\firefox.exe" "--marionette" "-foreground" "-no-remote" "-profile" "C:\\Users\\samuelPC\\AppData\\Local\\Temp\\rust_mozprofileGl8T9z"
1626234242136	Marionette	INFO	Marionette enabled
console.warn: SearchSettings: "get: No settings file exists, new profile?" (new NotFoundError("Could not open the file at C:\\Users\\samuelPC\\AppData\\Local\\Temp\\rust_mozprofileGl8T9z\\search.json.mozlz4", (void 0)))
1626234244173	Marionette	INFO	Listening on port 53015
1626234244373	Marionette	WARN	TLS certificate errors will be ignored for this session
1626234260336	Marionette	INFO	Stopped listening on port 53015
1626234303490	geckodriver	INFO	Listening on 127.0.0.1:53072
1626234306529	mozrunner::runner	INFO	Running command: "C:\\Program Files\\Mozilla Firefox\\firefox.exe" "--marionette" "-foreground" "-no-remote" "-profile" "C:\\Users\\samuelPC\\AppData\\Local\\Temp\\rust_mozprofileawWiIr"
1626234306972	Marionette	INFO	Marionette enabled
console.warn: SearchSettings: "get: No settings file exists, new profile?" (new NotFoundError("Could not open the file at C:\\Users\\samuelPC\\AppData\\Local\\Temp\\rust_mozprofileawWiIr\\search.json.mozlz4", (void 0)))
1626234309012	Marionette	INFO	Listening on port 53080
1626234309188	Marionette	WARN	TLS certificate errors will be ignored for this session
1626234320153	Marionette	INFO	Stopped listening on port 53080
1626234324714	geckodriver	INFO	Listening on 127.0.0.1:53131
1626234327754	mozrunner::runner	INFO	Running command: "C:\\Program Files\\Mozilla Firefox\\firefox.exe" "--marionette" "-foreground" "-no-remote" "-profile" "C:\\Users\\samuelPC\\AppData\\Local\\Temp\\rust_mozprofileKwVE7I"
1626234328183	Marionette	INFO	Marionette enabled
console.warn: SearchSettings: "get: No settings file exists, new profile?" (new NotFoundError("Could not open the file at C:\\Users\\samuelPC\\AppData\\Local\\Temp\\rust_mozprofileKwVE7I\\search.json.mozlz4", (void 0)))
1626234330059	Marionette	INFO	Listening on port 53140
1626234330406	Marionette	WARN	TLS certificate errors will be ignored for this session
1626234411053	Marionette	INFO	Stopped listening on port 53140

###!!! [Child][RunMessage] Error: Channel closing: too late to send/recv, messages will be lost

1626234433680	geckodriver	INFO	Listening on 127.0.0.1:53327
1626234436719	mozrunner::runner	INFO	Running command: "C:\\Program Files\\Mozilla Firefox\\firefox.exe" "--marionette" "-foreground" "-no-remote" "-profile" "C:\\Users\\samuelPC\\AppData\\Local\\Temp\\rust_mozprofile9YoXr2"
1626234437212	Marionette	INFO	Marionette enabled
console.warn: SearchSettings: "get: No settings file exists, new profile?" (new NotFoundError("Could not open the file at C:\\Users\\samuelPC\\AppData\\Local\\Temp\\rust_mozprofile9YoXr2\\search.json.mozlz4", (void 0)))
1626234439352	Marionette	INFO	Listening on port 53335
1626234439441	Marionette	WARN	TLS certificate errors will be ignored for this session
1626234448198	Marionette	INFO	Stopped listening on port 53335

###!!! [Child][RunMessage] Error: Channel closing: too late to send/recv, messages will be lost

1626234453641	geckodriver	INFO	Listening on 127.0.0.1:53378
1626234456680	mozrunner::runner	INFO	Running command: "C:\\Program Files\\Mozilla Firefox\\firefox.exe" "--marionette" "-foreground" "-no-remote" "-profile" "C:\\Users\\samuelPC\\AppData\\Local\\Temp\\rust_mozprofileZGyfyK"
1626234457098	Marionette	INFO	Marionette enabled
console.warn: SearchSettings: "get: No settings file exists, new profile?" (new NotFoundError("Could not open the file at C:\\Users\\samuelPC\\AppData\\Local\\Temp\\rust_mozprofileZGyfyK\\search.json.mozlz4", (void 0)))
1626234459192	Marionette	INFO	Listening on port 53386
1626234459332	Marionette	WARN	TLS certificate errors will be ignored for this session
1626234629668	Marionette	INFO	Stopped listening on port 53386
6234607091	mozrunner::runner	INFO	Running command: "C:\\Program Files\\Mozilla Firefox\\firefox.exe" "--marionette" "-foreground" "-no-remote" "-profile" "C:\\Users\\samuelPC\\AppData\\Local\\Temp\\rust_mozprofileMKPuB6"
1626234607501	Marionette	INFO	Marionette enabled
console.warn: SearchSettings: "get: No settings file exists, new profile?" (new NotFoundError("Could not open the file at C:\\Users\\samuelPC\\AppData\\Local\\Temp\\rust_mozprofileMKPuB6\\search.json.mozlz4", (void 0)))
1626234609473	Marionette	INFO	Listening on port 53497
1626234609740	Marionette	WARN	TLS certificate errors will be ignored for this session
1626234620690	Marionette	INFO	Stopped listening on port 53497

###!!! [Child][RunMessage] Error: Channel closing: too late to send/recv, messages will be lost

1626235758208	geckodriver	INFO	Listening on 127.0.0.1:62387
1626235761248	mozrunner::runner	INFO	Running command: "C:\\Program Files\\Mozilla Firefox\\firefox.exe" "--marionette" "-foreground" "-no-remote" "-profile" "C:\\Users\\samuelPC\\AppData\\Local\\Temp\\rust_mozprofileUMlQOG"
1626235761686	Marionette	INFO	Marionette enabled
console.warn: SearchSettings: "get: No settings file exists, new profile?" (new NotFoundError("Could not open the file at C:\\Users\\samuelPC\\AppData\\Local\\Temp\\rust_mozprofileUMlQOG\\search.json.mozlz4", (void 0)))
1626235763836	Marionette	INFO	Listening on port 62398
1626235763902	Marionette	WARN	TLS certificate errors will be ignored for this session
console.warn: services.settings: main/cfr-fxa sync interrupted by shutdown
1626235766194	Marionette	INFO	Stopped listening on port 62398

###!!! [Child][RunMessage] Error: Channel closing: too late to send/recv, messages will be lost

1626235827076	geckodriver	INFO	Listening on 127.0.0.1:62435
1626235830114	mozrunner::runner	INFO	Running command: "C:\\Program Files\\Mozilla Firefox\\firefox.exe" "--marionette" "-foreground" "-no-remote" "-profile" "C:\\Users\\samuelPC\\AppData\\Local\\Temp\\rust_mozprofile5n2JXN"
1626235830664	Marionette	INFO	Marionette enabled
console.warn: SearchSettings: "get: No settings file exists, new profile?" (new NotFoundError("Could not open the file at C:\\Users\\samuelPC\\AppData\\Local\\Temp\\rust_mozprofile5n2JXN\\search.json.mozlz4", (void 0)))
1626235832648	Marionette	INFO	Listening on port 62443
1626235832777	Marionette	WARN	TLS certificate errors will be ignored for this session
1626235834453	Marionette	INFO	Stopped listening on port 62443

###!!! [Child][RunMessage] Error: Channel closing: too late to send/recv, messages will be lost

1626235946480	geckodriver	INFO	Listening on 127.0.0.1:62536
1626235949518	mozrunner::runner	INFO	Running command: "C:\\Program Files\\Mozilla Firefox\\firefox.exe" "--marionette" "-foreground" "-no-remote" "-profile" "C:\\Users\\samuelPC\\AppData\\Local\\Temp\\rust_mozprofilegRhHGa"
1626235950075	Marionette	INFO	Marionette enabled
console.warn: SearchSettings: "get: No settings file exists, new profile?" (new NotFoundError("Could not open the file at C:\\Users\\samuelPC\\AppData\\Local\\Temp\\rust_mozprofilegRhHGa\\search.json.mozlz4", (void 0)))
1626235952051	Marionette	INFO	Listening on port 62544
1626235952171	Marionette	WARN	TLS certificate errors will be ignored for this session
1626235953836	Marionette	INFO	Stopped listening on port 62544
console.error: Region.jsm: "Error fetching region" (new TypeError("NetworkError when attempting to fetch resource.", ""))
console.error: Region.jsm: "Failed to fetch region" (new Error("NO_RESULT", "resource://gre/modules/Region.jsm", 419))
console.error: services.settings: 
  main/partitioning-exempt-urls Signature failed  TypeError: NetworkError when attempting to fetch resource.
console.error: services.settings: 
  main/message-groups Signature failed  TypeError: NetworkError when attempting to fetch resource.

###!!! [Child][RunMessage] Error: Channel closing: too late to send/recv, messages will be lost

1626236039833	geckodriver	INFO	Listening on 127.0.0.1:62636
1626236042873	mozrunner::runner	INFO	Running command: "C:\\Program Files\\Mozilla Firefox\\firefox.exe" "--marionette" "-foreground" "-no-remote" "-profile" "C:\\Users\\samuelPC\\AppData\\Local\\Temp\\rust_mozprofilen4r7ay"
1626236043294	Marionette	INFO	Marionette enabled
console.warn: SearchSettings: "get: No settings file exists, new profile?" (new NotFoundError("Could not open the file at C:\\Users\\samuelPC\\AppData\\Local\\Temp\\rust_mozprofilen4r7ay\\search.json.mozlz4", (void 0)))
1626236045223	Marionette	INFO	Listening on port 62644
1626236045524	Marionette	WARN	TLS certificate errors will be ignored for this session
1626236047059	Marionette	INFO	Stopped listening on port 62644

###!!! [Child][RunMessage] Error: Channel closing: too late to send/recv, messages will be lost

1626236199724	geckodriver	INFO	Listening on 127.0.0.1:62722
1626236202752	mozrunner::runner	INFO	Running command: "C:\\Program Files\\Mozilla Firefox\\firefox.exe" "--marionette" "-foreground" "-no-remote" "-profile" "C:\\Users\\samuelPC\\AppData\\Local\\Temp\\rust_mozprofileqXww4G"
1626236203184	Marionette	INFO	Marionette enabled
console.warn: SearchSettings: "get: No settings file exists, new profile?" (new NotFoundError("Could not open the file at C:\\Users\\samuelPC\\AppData\\Local\\Temp\\rust_mozprofileqXww4G\\search.json.mozlz4", (void 0)))
1626236205172	Marionette	INFO	Listening on port 62730
1626236205419	Marionette	WARN	TLS certificate errors will be ignored for this session
1626236207502	Marionette	WARN	TimedPromise timed out after 500 ms: stacktrace:
TimedPromise/<@chrome://marionette/content/sync.js:237:19
TimedPromise@chrome://marionette/content/sync.js:222:10
interaction.flushEventLoop@chrome://marionette/content/interaction.js:431:10
webdriverClickElement@chrome://marionette/content/interaction.js:179:31
1626236213748	Marionette	INFO	Stopped listening on port 62730
1626236376285	geckodriver	INFO	Listening on 127.0.0.1:62891
1626236379324	mozrunner::runner	INFO	Running command: "C:\\Program Files\\Mozilla Firefox\\firefox.exe" "--marionette" "-foreground" "-no-remote" "-profile" "C:\\Users\\samuelPC\\AppData\\Local\\Temp\\rust_mozprofileKIEzrR"
1626236379747	Marionette	INFO	Marionette enabled
console.warn: SearchSettings: "get: No settings file exists, new profile?" (new NotFoundError("Could not open the file at C:\\Users\\samuelPC\\AppData\\Local\\Temp\\rust_mozprofileKIEzrR\\search.json.mozlz4", (void 0)))
1626236381702	Marionette	INFO	Listening on port 62899
1626236381975	Marionette	WARN	TLS certificate errors will be ignored for this session
1626236384115	Marionette	WARN	TimedPromise timed out after 500 ms: stacktrace:
TimedPromise/<@chrome://marionette/content/sync.js:237:19
TimedPromise@chrome://marionette/content/sync.js:222:10
interaction.flushEventLoop@chrome://marionette/content/interaction.js:431:10
webdriverClickElement@chrome://marionette/content/interaction.js:179:31
console.error: services.settings: 
  main/doh-config Signature failed  InvalidSignatureError: Invalid content signature (main/doh-config)
console.error: services.settings: 
  main/doh-config local data was corrupted
console.warn: services.settings: main/doh-config Signature verified failed. Retry from scratch
console.error: services.settings: 
  main/doh-providers Signature failed  InvalidSignatureError: Invalid content signature (main/doh-providers)
console.error: services.settings: 
  main/doh-providers local data was corrupted
console.warn: services.settings: main/doh-providers Signature verified failed. Retry from scratch
console.log: WebExtensions: reset-default-search: starting.
console.log: WebExtensions: reset-default-search: No addons in our list are installed.
[Parent 11668, IPC I/O Parent] WARNING: file /builds/worker/checkouts/gecko/ipc/chromium/src/base/process_util_win.cc:167
1626238586144	Marionette	INFO	Stopped listening on port 62899

###!!! [Child][RunMessage] Error: Channel closing: too late to send/recv, messages will be lost

d listening on port 63007

###!!! [Child][RunMessage] Error: Channel closing: too late to send/recv, messages will be lost

1626236684578	geckodriver	INFO	Listening on 127.0.0.1:63106
1626236687620	mozrunner::runner	INFO	Running command: "C:\\Program Files\\Mozilla Firefox\\firefox.exe" "--marionette" "-foreground" "-no-remote" "-profile" "C:\\Users\\samuelPC\\AppData\\Local\\Temp\\rust_mozprofiletZGCGK"
1626236688072	Marionette	INFO	Marionette enabled
console.warn: SearchSettings: "get: No settings file exists, new profile?" (new NotFoundError("Could not open the file at C:\\Users\\samuelPC\\AppData\\Local\\Temp\\rust_mozprofiletZGCGK\\search.json.mozlz4", (void 0)))
1626236690046	Marionette	INFO	Listening on port 63115
1626236690277	Marionette	WARN	TLS certificate errors will be ignored for this session
1626236692039	Marionette	WARN	TimedPromise timed out after 500 ms: stacktrace:
TimedPromise/<@chrome://marionette/content/sync.js:237:19
TimedPromise@chrome://marionette/content/sync.js:222:10
interaction.flushEventLoop@chrome://marionette/content/interaction.js:431:10
webdriverClickElement@chrome://marionette/content/interaction.js:179:31
1626236872756	Marionette	INFO	Stopped listening on port 63115

###!!! [Child][RunMessage] Error: Channel closing: too late to send/recv, messages will be lost

"--marionette" "-foreground" "-no-remote" "-profile" "C:\\Users\\samuelPC\\AppData\\Local\\Temp\\rust_mozprofileadVmvI"
1626236844984	Marionette	INFO	Marionette enabled
console.warn: SearchSettings: "get: No settings file exists, new profile?" (new NotFoundError("Could not open the file at C:\\Users\\samuelPC\\AppData\\Local\\Temp\\rust_mozprofileadVmvI\\search.json.mozlz4", (void 0)))
1626236847004	Marionette	INFO	Listening on port 63231
1626236847209	Marionette	WARN	TLS certificate errors will be ignored for this session
1626236849552	Marionette	WARN	TimedPromise timed out after 500 ms: stacktrace:
TimedPromise/<@chrome://marionette/content/sync.js:237:19
TimedPromise@chrome://marionette/content/sync.js:222:10
interaction.flushEventLoop@chrome://marionette/content/interaction.js:431:10
webdriverClickElement@chrome://marionette/content/interaction.js:179:31

###!!! [Child][MessageChannel] Error: (msgtype=0x590008,name=PHttpChannel::Msg_DeletingChannel) Channel closing: too late to send/recv, messages will be lost

1626236869587	Marionette	INFO	Stopped listening on port 63231

###!!! [Child][RunMessage] Error: Channel closing: too late to send/recv, messages will be lost

1626236974276	geckodriver	INFO	Listening on 127.0.0.1:63383
1626236977316	mozrunner::runner	INFO	Running command: "C:\\Program Files\\Mozilla Firefox\\firefox.exe" "--marionette" "-foreground" "-no-remote" "-profile" "C:\\Users\\samuelPC\\AppData\\Local\\Temp\\rust_mozprofilej7G1GZ"
1626236977836	Marionette	INFO	Marionette enabled
console.warn: SearchSettings: "get: No settings file exists, new profile?" (new NotFoundError("Could not open the file at C:\\Users\\samuelPC\\AppData\\Local\\Temp\\rust_mozprofilej7G1GZ\\search.json.mozlz4", (void 0)))
1626236979880	Marionette	INFO	Listening on port 63391
1626236979970	Marionette	WARN	TLS certificate errors will be ignored for this session
1626236981835	Marionette	WARN	TimedPromise timed out after 500 ms: stacktrace:
TimedPromise/<@chrome://marionette/content/sync.js:237:19
TimedPromise@chrome://marionette/content/sync.js:222:10
interaction.flushEventLoop@chrome://marionette/content/interaction.js:431:10
webdriverClickElement@chrome://marionette/content/interaction.js:179:31
1626237056813	Marionette	INFO	Stopped listening on port 63391

###!!! [Child][RunMessage] Error: Channel closing: too late to send/recv, messages will be lost

"--marionette" "-foreground" "-no-remote" "-profile" "C:\\Users\\samuelPC\\AppData\\Local\\Temp\\rust_mozprofileXwPJK1"
1626237038234	Marionette	INFO	Marionette enabled
console.warn: SearchSettings: "get: No settings file exists, new profile?" (new NotFoundError("Could not open the file at C:\\Users\\samuelPC\\AppData\\Local\\Temp\\rust_mozprofileXwPJK1\\search.json.mozlz4", (void 0)))
1626237040416	Marionette	INFO	Listening on port 63475
1626237040443	Marionette	WARN	TLS certificate errors will be ignored for this session
1626237042454	Marionette	WARN	TimedPromise timed out after 500 ms: stacktrace:
TimedPromise/<@chrome://marionette/content/sync.js:237:19
TimedPromise@chrome://marionette/content/sync.js:222:10
interaction.flushEventLoop@chrome://marionette/content/interaction.js:431:10
webdriverClickElement@chrome://marionette/content/interaction.js:179:31

###!!! [Child][MessageChannel] Error: (msgtype=0x590008,name=PHttpChannel::Msg_DeletingChannel) Channel closing: too late to send/recv, messages will be lost

1626237049287	Marionette	INFO	Stopped listening on port 63475

###!!! [Child][RunMessage] Error: Channel closing: too late to send/recv, messages will be lost

1626237135678	geckodriver	INFO	Listening on 127.0.0.1:63561
1626237138717	mozrunner::runner	INFO	Running command: "C:\\Program Files\\Mozilla Firefox\\firefox.exe" "--marionette" "-foreground" "-no-remote" "-profile" "C:\\Users\\samuelPC\\AppData\\Local\\Temp\\rust_mozprofileQvFerp"
1626237139153	Marionette	INFO	Marionette enabled
console.warn: SearchSettings: "get: No settings file exists, new profile?" (new NotFoundError("Could not open the file at C:\\Users\\samuelPC\\AppData\\Local\\Temp\\rust_mozprofileQvFerp\\search.json.mozlz4", (void 0)))
1626237141176	Marionette	INFO	Listening on port 63570
1626237141370	Marionette	WARN	TLS certificate errors will be ignored for this session
1626237143059	Marionette	WARN	TimedPromise timed out after 500 ms: stacktrace:
TimedPromise/<@chrome://marionette/content/sync.js:237:19
TimedPromise@chrome://marionette/content/sync.js:222:10
interaction.flushEventLoop@chrome://marionette/content/interaction.js:431:10
webdriverClickElement@chrome://marionette/content/interaction.js:179:31
1626237394034	Marionette	INFO	Stopped listening on port 63570

###!!! [Child][RunMessage] Error: Channel closing: too late to send/recv, messages will be lost

1626237474759	geckodriver	INFO	Listening on 127.0.0.1:63698
1626237477789	mozrunner::runner	INFO	Running command: "C:\\Program Files\\Mozilla Firefox\\firefox.exe" "--marionette" "-foreground" "-no-remote" "-profile" "C:\\Users\\samuelPC\\AppData\\Local\\Temp\\rust_mozprofiley4BWY7"
1626237478247	Marionette	INFO	Marionette enabled
console.warn: SearchSettings: "get: No settings file exists, new profile?" (new NotFoundError("Could not open the file at C:\\Users\\samuelPC\\AppData\\Local\\Temp\\rust_mozprofiley4BWY7\\search.json.mozlz4", (void 0)))
1626237480276	Marionette	INFO	Listening on port 63707
1626237480448	Marionette	WARN	TLS certificate errors will be ignored for this session
1626237482654	Marionette	WARN	TimedPromise timed out after 500 ms: stacktrace:
TimedPromise/<@chrome://marionette/content/sync.js:237:19
TimedPromise@chrome://marionette/content/sync.js:222:10
interaction.flushEventLoop@chrome://marionette/content/interaction.js:431:10
webdriverClickElement@chrome://marionette/content/interaction.js:179:31

###!!! [Child][MessageChannel] Error: (msgtype=0x590008,name=PHttpChannel::Msg_DeletingChannel) Channel closing: too late to send/recv, messages will be lost

1626237493716	Marionette	INFO	Stopped listening on port 63707

###!!! [Child][RunMessage] Error: Channel closing: too late to send/recv, messages will be lost

1626237510765	geckodriver	INFO	Listening on 127.0.0.1:63788
1626237513807	mozrunner::runner	INFO	Running command: "C:\\Program Files\\Mozilla Firefox\\firefox.exe" "--marionette" "-foreground" "-no-remote" "-profile" "C:\\Users\\samuelPC\\AppData\\Local\\Temp\\rust_mozprofileqz4o2U"
1626237514233	Marionette	INFO	Marionette enabled
console.warn: SearchSettings: "get: No settings file exists, new profile?" (new NotFoundError("Could not open the file at C:\\Users\\samuelPC\\AppData\\Local\\Temp\\rust_mozprofileqz4o2U\\search.json.mozlz4", (void 0)))
1626237516284	Marionette	INFO	Listening on port 63796
1626237516465	Marionette	WARN	TLS certificate errors will be ignored for this session
1626237518206	Marionette	WARN	TimedPromise timed out after 500 ms: stacktrace:
TimedPromise/<@chrome://marionette/content/sync.js:237:19
TimedPromise@chrome://marionette/content/sync.js:222:10
interaction.flushEventLoop@chrome://marionette/content/interaction.js:431:10
webdriverClickElement@chrome://marionette/content/interaction.js:179:31

###!!! [Child][MessageChannel] Error: (msgtype=0x590008,name=PHttpChannel::Msg_DeletingChannel) Channel closing: too late to send/recv, messages will be lost

1626237536381	Marionette	INFO	Stopped listening on port 63796

###!!! [Child][RunMessage] Error: Channel closing: too late to send/recv, messages will be lost

1626237565936	geckodriver	INFO	Listening on 127.0.0.1:63881
1626237568976	mozrunner::runner	INFO	Running command: "C:\\Program Files\\Mozilla Firefox\\firefox.exe" "--marionette" "-foreground" "-no-remote" "-profile" "C:\\Users\\samuelPC\\AppData\\Local\\Temp\\rust_mozprofileY7vaau"
1626237569408	Marionette	INFO	Marionette enabled
console.warn: SearchSettings: "get: No settings file exists, new profile?" (new NotFoundError("Could not open the file at C:\\Users\\samuelPC\\AppData\\Local\\Temp\\rust_mozprofileY7vaau\\search.json.mozlz4", (void 0)))
1626237571447	Marionette	INFO	Listening on port 63889
1626237571631	Marionette	WARN	TLS certificate errors will be ignored for this session
1626237573311	Marionette	WARN	TimedPromise timed out after 500 ms: stacktrace:
TimedPromise/<@chrome://marionette/content/sync.js:237:19
TimedPromise@chrome://marionette/content/sync.js:222:10
interaction.flushEventLoop@chrome://marionette/content/interaction.js:431:10
webdriverClickElement@chrome://marionette/content/interaction.js:179:31

###!!! [Child][MessageChannel] Error: (msgtype=0x590008,name=PHttpChannel::Msg_DeletingChannel) Channel closing: too late to send/recv, messages will be lost

1626237579442	Marionette	INFO	Stopped listening on port 63889

###!!! [Child][RunMessage] Error: Channel closing: too late to send/recv, messages will be lost

1626238530751	geckodriver	INFO	Listening on 127.0.0.1:64149
1626238533797	mozrunner::runner	INFO	Running command: "C:\\Program Files\\Mozilla Firefox\\firefox.exe" "--marionette" "-foreground" "-no-remote" "-profile" "C:\\Users\\samuelPC\\AppData\\Local\\Temp\\rust_mozprofileKmiEgc"
1626238534719	Marionette	INFO	Marionette enabled
console.warn: SearchSettings: "get: No settings file exists, new profile?" (new NotFoundError("Could not open the file at C:\\Users\\samuelPC\\AppData\\Local\\Temp\\rust_mozprofileKmiEgc\\search.json.mozlz4", (void 0)))
1626238538645	Marionette	INFO	Listening on port 64157
1626238539165	Marionette	WARN	TLS certificate errors will be ignored for this session
1626238542046	Marionette	WARN	TimedPromise timed out after 500 ms: stacktrace:
TimedPromise/<@chrome://marionette/content/sync.js:237:19
TimedPromise@chrome://marionette/content/sync.js:222:10
interaction.flushEventLoop@chrome://marionette/content/interaction.js:431:10
webdriverClickElement@chrome://marionette/content/interaction.js:179:31
console.error: services.settings: 
  main/doh-config Signature failed  InvalidSignatureError: Invalid content signature (main/doh-config)
console.error: services.settings: 
  main/doh-config local data was corrupted
console.warn: services.settings: main/doh-config Signature verified failed. Retry from scratch
console.error: services.settings: 
  main/doh-providers Signature failed  InvalidSignatureError: Invalid content signature (main/doh-providers)
console.error: services.settings: 
  main/doh-providers local data was corrupted
console.warn: services.settings: main/doh-providers Signature verified failed. Retry from scratch
console.log: WebExtensions: reset-default-search: starting.
console.log: WebExtensions: reset-default-search: No addons in our list are installed.
SourceActor threw an exception: [Exception... "Failed to open input source 'javascript:void(0);'"  nsresult: "0x80040111 (NS_ERROR_NOT_AVAILABLE)"  location: "JS frame :: resource://devtools/shared/DevToolsUtils.js :: mainThreadFetch/< :: line 670"  data: yes]
Stack: mainThreadFetch/<@resource://devtools/shared/DevToolsUtils.js:670:15
mainThreadFetch@resource://devtools/shared/DevToolsUtils.js:516:10
_fetchURLContents@resource://devtools/server/actors/utils/sources-manager.js:439:22
urlContents@resource://devtools/server/actors/utils/sources-manager.js:406:17
_resurrectSource@resource://devtools/server/actors/thread.js:2156:35
addAllSources@resource://devtools/server/actors/thread.js:1509:14
watch@resource://devtools/server/actors/resources/sources.js:52:17
watchResources@resource://devtools/server/actors/resources/index.js:235:19
_watchTargetResources@resource://devtools/server/actors/targets/target-actor-mixin.js:156:24
addWatcherDataEntry@resource://devtools/server/actors/targets/target-actor-mixin.js:47:20
_addWatcherDataEntry@resource://devtools/server/connectors/js-window-actor/DevToolsFrameChild.jsm:480:24
receiveMessage@resource://devtools/server/connectors/js-window-actor/DevToolsFrameChild.jsm:422:21
Line: 670, column: 0
console.error: ({})
JavaScript error: resource://devtools/shared/DevToolsUtils.js, line 670: NS_ERROR_NOT_AVAILABLE: Failed to open input source 'javascript:void(0);'
JavaScript error: resource://gre/modules/Prompter.jsm, line 1116: AbortError: Actor 'Prompt' destroyed before query 'Prompt:Open' was resolved
JavaScript warning: https://apps.bdimg.com/libs/jquery/1.10.2/jquery.min.js, line 2: Using //@ to indicate sourceMappingURL pragmas is deprecated. Use //# instead
JavaScript warning: https://apps.bdimg.com/libs/jquery/1.10.2/jquery.min.js, line 2: Using //@ to indicate sourceMappingURL pragmas is deprecated. Use //# instead
JavaScript error: , line 0: TypeError: NetworkError when attempting to fetch resource.
[Parent 21372, IPC I/O Parent] WARNING: file /builds/worker/checkouts/gecko/ipc/chromium/src/base/process_util_win.cc:167
1626243603813	Marionette	INFO	Stopped listening on port 64157

###!!! [Child][RunMessage] Error: Channel closing: too late to send/recv, messages will be lost

mp\\rust_mozprofileiXibEB\\search.json.mozlz4", (void 0)))
1626239111786	Marionette	INFO	Listening on port 64488
1626239112290	Marionette	WARN	TLS certificate errors will be ignored for this session
1626239114692	Marionette	WARN	TimedPromise timed out after 500 ms: stacktrace:
TimedPromise/<@chrome://marionette/content/sync.js:237:19
TimedPromise@chrome://marionette/content/sync.js:222:10
interaction.flushEventLoop@chrome://marionette/content/interaction.js:431:10
webdriverClickElement@chrome://marionette/content/interaction.js:179:31
console.error: Region.jsm: "Error fetching region" (new Error("TIMEOUT", "resource://gre/modules/Region.jsm", 772))
console.error: Region.jsm: "Failed to fetch region" (new Error("TIMEOUT", "resource://gre/modules/Region.jsm", 419))
1626239121574	Marionette	INFO	Stopped listening on port 64488
1626239237178	geckodriver	INFO	Listening on 127.0.0.1:64572
1626239240214	mozrunner::runner	INFO	Running command: "C:\\Program Files\\Mozilla Firefox\\firefox.exe" "--marionette" "-foreground" "-no-remote" "-profile" "C:\\Users\\samuelPC\\AppData\\Local\\Temp\\rust_mozprofileSeYrWC"
1626239241106	Marionette	INFO	Marionette enabled
console.warn: SearchSettings: "get: No settings file exists, new profile?" (new NotFoundError("Could not open the file at C:\\Users\\samuelPC\\AppData\\Local\\Temp\\rust_mozprofileSeYrWC\\search.json.mozlz4", (void 0)))
1626239244791	Marionette	INFO	Listening on port 64580
1626239245052	Marionette	WARN	TLS certificate errors will be ignored for this session
1626239247142	Marionette	WARN	TimedPromise timed out after 500 ms: stacktrace:
TimedPromise/<@chrome://marionette/content/sync.js:237:19
TimedPromise@chrome://marionette/content/sync.js:222:10
interaction.flushEventLoop@chrome://marionette/content/interaction.js:431:10
webdriverClickElement@chrome://marionette/content/interaction.js:179:31
console.error: services.settings: 
  main/doh-config Signature failed  InvalidSignatureError: Invalid content signature (main/doh-config)
console.error: services.settings: 
  main/doh-config local data was corrupted
console.warn: services.settings: main/doh-config Signature verified failed. Retry from scratch
console.error: services.settings: 
  main/doh-providers Signature failed  InvalidSignatureError: Invalid content signature (main/doh-providers)
console.error: services.settings: 
  main/doh-providers local data was corrupted
console.warn: services.settings: main/doh-providers Signature verified failed. Retry from scratch
console.log: WebExtensions: reset-default-search: starting.
console.log: WebExtensions: reset-default-search: No addons in our list are installed.
1626239857587	Marionette	INFO	Stopped listening on port 64580
//marionette/content/sync.js:222:10
interaction.flushEventLoop@chrome://marionette/content/interaction.js:431:10
webdriverClickElement@chrome://marionette/content/interaction.js:179:31
1626239456209	Marionette	INFO	Stopped listening on port 64708

###!!! [Child][RunMessage] Error: Channel closing: too late to send/recv, messages will be lost

1626239578461	geckodriver	INFO	Listening on 127.0.0.1:64810
1626239581496	mozrunner::runner	INFO	Running command: "C:\\Program Files\\Mozilla Firefox\\firefox.exe" "--marionette" "-foreground" "-no-remote" "-profile" "C:\\Users\\samuelPC\\AppData\\Local\\Temp\\rust_mozprofile6QX4ix"
1626239582581	Marionette	INFO	Marionette enabled
console.warn: SearchSettings: "get: No settings file exists, new profile?" (new NotFoundError("Could not open the file at C:\\Users\\samuelPC\\AppData\\Local\\Temp\\rust_mozprofile6QX4ix\\search.json.mozlz4", (void 0)))
1626239586219	Marionette	INFO	Listening on port 64818
1626239586335	Marionette	WARN	TLS certificate errors will be ignored for this session
1626239589964	Marionette	WARN	TimedPromise timed out after 500 ms: stacktrace:
TimedPromise/<@chrome://marionette/content/sync.js:237:19
TimedPromise@chrome://marionette/content/sync.js:222:10
interaction.flushEventLoop@chrome://marionette/content/interaction.js:431:10
webdriverClickElement@chrome://marionette/content/interaction.js:179:31
1626239856668	Marionette	INFO	Stopped listening on port 64818

###!!! [Child][RunMessage] Error: Channel closing: too late to send/recv, messages will be lost

"--marionette" "-foreground" "-no-remote" "-profile" "C:\\Users\\samuelPC\\AppData\\Local\\Temp\\rust_mozprofilenYiauD"
1626239657847	Marionette	INFO	Marionette enabled
console.warn: SearchSettings: "get: No settings file exists, new profile?" (new NotFoundError("Could not open the file at C:\\Users\\samuelPC\\AppData\\Local\\Temp\\rust_mozprofilenYiauD\\search.json.mozlz4", (void 0)))
1626239661819	Marionette	INFO	Listening on port 64905
1626239662286	Marionette	WARN	TLS certificate errors will be ignored for this session
1626239664379	Marionette	WARN	TimedPromise timed out after 500 ms: stacktrace:
TimedPromise/<@chrome://marionette/content/sync.js:237:19
TimedPromise@chrome://marionette/content/sync.js:222:10
interaction.flushEventLoop@chrome://marionette/content/interaction.js:431:10
webdriverClickElement@chrome://marionette/content/interaction.js:179:31
1626239672070	Marionette	INFO	Stopped listening on port 64905

###!!! [Child][RunMessage] Error: Channel closing: too late to send/recv, messages will be lost

1626239905021	geckodriver	INFO	Listening on 127.0.0.1:65071
1626239908057	mozrunner::runner	INFO	Running command: "C:\\Program Files\\Mozilla Firefox\\firefox.exe" "--marionette" "-foreground" "-no-remote" "-profile" "C:\\Users\\samuelPC\\AppData\\Local\\Temp\\rust_mozprofileXdntDu"
1626239909213	Marionette	INFO	Marionette enabled
console.warn: SearchSettings: "get: No settings file exists, new profile?" (new NotFoundError("Could not open the file at C:\\Users\\samuelPC\\AppData\\Local\\Temp\\rust_mozprofileXdntDu\\search.json.mozlz4", (void 0)))
1626239913029	Marionette	INFO	Listening on port 65079
1626239913406	Marionette	WARN	TLS certificate errors will be ignored for this session
1626239919689	Marionette	INFO	Stopped listening on port 65079

###!!! [Child][RunMessage] Error: Channel closing: too late to send/recv, messages will be lost

1626240002236	geckodriver	INFO	Listening on 127.0.0.1:65165
1626240005274	mozrunner::runner	INFO	Running command: "C:\\Program Files\\Mozilla Firefox\\firefox.exe" "--marionette" "-foreground" "-no-remote" "-profile" "C:\\Users\\samuelPC\\AppData\\Local\\Temp\\rust_mozprofiled0EMZA"
1626240006151	Marionette	INFO	Marionette enabled
console.warn: SearchSettings: "get: No settings file exists, new profile?" (new NotFoundError("Could not open the file at C:\\Users\\samuelPC\\AppData\\Local\\Temp\\rust_mozprofiled0EMZA\\search.json.mozlz4", (void 0)))
1626240009944	Marionette	INFO	Listening on port 65174
1626240010115	Marionette	WARN	TLS certificate errors will be ignored for this session
1626240015931	Marionette	INFO	Stopped listening on port 65174

###!!! [Child][RunMessage] Error: Channel closing: too late to send/recv, messages will be lost

1626240049445	geckodriver	INFO	Listening on 127.0.0.1:65244
1626240052486	mozrunner::runner	INFO	Running command: "C:\\Program Files\\Mozilla Firefox\\firefox.exe" "--marionette" "-foreground" "-no-remote" "-profile" "C:\\Users\\samuelPC\\AppData\\Local\\Temp\\rust_mozprofilec5YgEe"
1626240053320	Marionette	INFO	Marionette enabled
console.warn: SearchSettings: "get: No settings file exists, new profile?" (new NotFoundError("Could not open the file at C:\\Users\\samuelPC\\AppData\\Local\\Temp\\rust_mozprofilec5YgEe\\search.json.mozlz4", (void 0)))
1626240057031	Marionette	INFO	Listening on port 65252
1626240057318	Marionette	WARN	TLS certificate errors will be ignored for this session
1626240064673	Marionette	INFO	Stopped listening on port 65252

###!!! [Child][RunMessage] Error: Channel closing: too late to send/recv, messages will be lost

1626240094674	geckodriver	INFO	Listening on 127.0.0.1:65326
1626240097721	mozrunner::runner	INFO	Running command: "C:\\Program Files\\Mozilla Firefox\\firefox.exe" "--marionette" "-foreground" "-no-remote" "-profile" "C:\\Users\\samuelPC\\AppData\\Local\\Temp\\rust_mozprofileKAohWR"
1626240098587	Marionette	INFO	Marionette enabled
console.warn: SearchSettings: "get: No settings file exists, new profile?" (new NotFoundError("Could not open the file at C:\\Users\\samuelPC\\AppData\\Local\\Temp\\rust_mozprofileKAohWR\\search.json.mozlz4", (void 0)))
1626240102316	Marionette	INFO	Listening on port 65334
1626240102551	Marionette	WARN	TLS certificate errors will be ignored for this session
1626240104706	Marionette	WARN	TimedPromise timed out after 500 ms: stacktrace:
TimedPromise/<@chrome://marionette/content/sync.js:237:19
TimedPromise@chrome://marionette/content/sync.js:222:10
interaction.flushEventLoop@chrome://marionette/content/interaction.js:431:10
webdriverClickElement@chrome://marionette/content/interaction.js:179:31
1626240110926	Marionette	INFO	Stopped listening on port 65334

###!!! [Child][RunMessage] Error: Channel closing: too late to send/recv, messages will be lost

1626240176507	geckodriver	INFO	Listening on 127.0.0.1:65427
1626240179554	mozrunner::runner	INFO	Running command: "C:\\Program Files\\Mozilla Firefox\\firefox.exe" "--marionette" "-foreground" "-no-remote" "-profile" "C:\\Users\\samuelPC\\AppData\\Local\\Temp\\rust_mozprofileSNF8Ry"
1626240180403	Marionette	INFO	Marionette enabled
console.warn: SearchSettings: "get: No settings file exists, new profile?" (new NotFoundError("Could not open the file at C:\\Users\\samuelPC\\AppData\\Local\\Temp\\rust_mozprofileSNF8Ry\\search.json.mozlz4", (void 0)))
1626240184453	Marionette	INFO	Listening on port 65435
1626240184870	Marionette	WARN	TLS certificate errors will be ignored for this session
1626240187635	Marionette	WARN	TimedPromise timed out after 500 ms: stacktrace:
TimedPromise/<@chrome://marionette/content/sync.js:237:19
TimedPromise@chrome://marionette/content/sync.js:222:10
interaction.flushEventLoop@chrome://marionette/content/interaction.js:431:10
webdriverClickElement@chrome://marionette/content/interaction.js:179:31

###!!! [Child][MessageChannel] Error: (msgtype=0x590008,name=PHttpChannel::Msg_DeletingChannel) Channel closing: too late to send/recv, messages will be lost

1626240196072	Marionette	INFO	Stopped listening on port 65435

###!!! [Child][RunMessage] Error: Channel closing: too late to send/recv, messages will be lost

1626240746164	geckodriver	INFO	Listening on 127.0.0.1:49241
1626240749217	mozrunner::runner	INFO	Running command: "C:\\Program Files\\Mozilla Firefox\\firefox.exe" "--marionette" "-foreground" "-no-remote" "-profile" "C:\\Users\\samuelPC\\AppData\\Local\\Temp\\rust_mozprofileG1mOc8"
1626240750125	Marionette	INFO	Marionette enabled
console.warn: SearchSettings: "get: No settings file exists, new profile?" (new NotFoundError("Could not open the file at C:\\Users\\samuelPC\\AppData\\Local\\Temp\\rust_mozprofileG1mOc8\\search.json.mozlz4", (void 0)))
1626240753960	Marionette	INFO	Listening on port 49249
1626240754040	Marionette	WARN	TLS certificate errors will be ignored for this session
1626240756327	Marionette	WARN	TimedPromise timed out after 500 ms: stacktrace:
TimedPromise/<@chrome://marionette/content/sync.js:237:19
TimedPromise@chrome://marionette/content/sync.js:222:10
interaction.flushEventLoop@chrome://marionette/content/interaction.js:431:10
webdriverClickElement@chrome://marionette/content/interaction.js:179:31

###!!! [Child][MessageChannel] Error: (msgtype=0x590008,name=PHttpChannel::Msg_DeletingChannel) Channel closing: too late to send/recv, messages will be lost

1626240769803	Marionette	INFO	Stopped listening on port 49249

###!!! [Child][RunMessage] Error: Channel closing: too late to send/recv, messages will be lost

1626240809435	geckodriver	INFO	Listening on 127.0.0.1:49339
1626240812487	mozrunner::runner	INFO	Running command: "C:\\Program Files\\Mozilla Firefox\\firefox.exe" "--marionette" "-foreground" "-no-remote" "-profile" "C:\\Users\\samuelPC\\AppData\\Local\\Temp\\rust_mozprofilejN66NU"
1626240813334	Marionette	INFO	Marionette enabled
console.warn: SearchSettings: "get: No settings file exists, new profile?" (new NotFoundError("Could not open the file at C:\\Users\\samuelPC\\AppData\\Local\\Temp\\rust_mozprofilejN66NU\\search.json.mozlz4", (void 0)))
1626240817135	Marionette	INFO	Listening on port 49347
1626240817332	Marionette	WARN	TLS certificate errors will be ignored for this session
1626240819374	Marionette	WARN	TimedPromise timed out after 500 ms: stacktrace:
TimedPromise/<@chrome://marionette/content/sync.js:237:19
TimedPromise@chrome://marionette/content/sync.js:222:10
interaction.flushEventLoop@chrome://marionette/content/interaction.js:431:10
webdriverClickElement@chrome://marionette/content/interaction.js:179:31
console.error: services.settings: 
  main/doh-config Signature failed  InvalidSignatureError: Invalid content signature (main/doh-config)
console.error: services.settings: 
  main/doh-config local data was corrupted
console.warn: services.settings: main/doh-config Signature verified failed. Retry from scratch
console.error: services.settings: 
  main/doh-providers Signature failed  InvalidSignatureError: Invalid content signature (main/doh-providers)
console.error: services.settings: 
  main/doh-providers local data was corrupted
console.warn: services.settings: main/doh-providers Signature verified failed. Retry from scratch
console.log: WebExtensions: reset-default-search: starting.
console.log: WebExtensions: reset-default-search: No addons in our list are installed.
1626242006540	Marionette	INFO	Stopped listening on port 49347

###!!! [Child][RunMessage] Error: Channel closing: too late to send/recv, messages will be lost

on.js:431:10
webdriverClickElement@chrome://marionette/content/interaction.js:179:31
console.error: services.settings: 
  main/doh-config Signature failed  InvalidSignatureError: Invalid content signature (main/doh-config)
console.error: services.settings: 
  main/doh-config local data was corrupted
console.warn: services.settings: main/doh-config Signature verified failed. Retry from scratch
console.error: services.settings: 
  main/doh-providers Signature failed  InvalidSignatureError: Invalid content signature (main/doh-providers)
console.error: services.settings: 
  main/doh-providers local data was corrupted
console.warn: services.settings: main/doh-providers Signature verified failed. Retry from scratch
console.log: WebExtensions: reset-default-search: starting.
console.log: WebExtensions: reset-default-search: No addons in our list are installed.
1626242005544	Marionette	INFO	Stopped listening on port 49438

###!!! [Child][RunMessage] Error: Channel closing: too late to send/recv, messages will be lost

on.js:431:10
webdriverClickElement@chrome://marionette/content/interaction.js:179:31
1626241248089	Marionette	INFO	Stopped listening on port 55683

###!!! [Child][RunMessage] Error: Channel closing: too late to send/recv, messages will be lost

1626241370092	geckodriver	INFO	Listening on 127.0.0.1:55792
1626241373134	mozrunner::runner	INFO	Running command: "C:\\Program Files\\Mozilla Firefox\\firefox.exe" "--marionette" "-foreground" "-no-remote" "-profile" "C:\\Users\\samuelPC\\AppData\\Local\\Temp\\rust_mozprofilebT9sUK"
1626241374129	Marionette	INFO	Marionette enabled
console.warn: SearchSettings: "get: No settings file exists, new profile?" (new NotFoundError("Could not open the file at C:\\Users\\samuelPC\\AppData\\Local\\Temp\\rust_mozprofilebT9sUK\\search.json.mozlz4", (void 0)))
1626241377929	Marionette	INFO	Listening on port 55803
1626241378444	Marionette	WARN	TLS certificate errors will be ignored for this session
1626241380560	Marionette	WARN	TimedPromise timed out after 500 ms: stacktrace:
TimedPromise/<@chrome://marionette/content/sync.js:237:19
TimedPromise@chrome://marionette/content/sync.js:222:10
interaction.flushEventLoop@chrome://marionette/content/interaction.js:431:10
webdriverClickElement@chrome://marionette/content/interaction.js:179:31

###!!! [Child][MessageChannel] Error: (msgtype=0x590008,name=PHttpChannel::Msg_DeletingChannel) Channel closing: too late to send/recv, messages will be lost

1626241387493	Marionette	INFO	Stopped listening on port 55803

###!!! [Child][RunMessage] Error: Channel closing: too late to send/recv, messages will be lost

1626243130636	geckodriver	INFO	Listening on 127.0.0.1:56249
1626243133676	mozrunner::runner	INFO	Running command: "C:\\Program Files\\Mozilla Firefox\\firefox.exe" "--marionette" "-foreground" "-no-remote" "-profile" "C:\\Users\\samuelPC\\AppData\\Local\\Temp\\rust_mozprofile3r211u"
1626243134868	Marionette	INFO	Marionette enabled
console.warn: SearchSettings: "get: No settings file exists, new profile?" (new NotFoundError("Could not open the file at C:\\Users\\samuelPC\\AppData\\Local\\Temp\\rust_mozprofile3r211u\\search.json.mozlz4", (void 0)))
1626243143389	Marionette	INFO	Listening on port 56257
1626243143833	Marionette	WARN	TLS certificate errors will be ignored for this session
JavaScript warning: https://apps.bdimg.com/libs/jquery/1.10.2/jquery.min.js, line 2: Using //@ to indicate sourceMappingURL pragmas is deprecated. Use //# instead
1626243163350	Marionette	INFO	Stopped listening on port 56257
1626243185417	geckodriver	INFO	Listening on 127.0.0.1:56345
1626243188439	mozrunner::runner	INFO	Running command: "C:\\Program Files\\Mozilla Firefox\\firefox.exe" "--marionette" "-foreground" "-no-remote" "-profile" "C:\\Users\\samuelPC\\AppData\\Local\\Temp\\rust_mozprofile3L4Yzs"
1626243189765	Marionette	INFO	Marionette enabled
console.warn: SearchSettings: "get: No settings file exists, new profile?" (new NotFoundError("Could not open the file at C:\\Users\\samuelPC\\AppData\\Local\\Temp\\rust_mozprofile3L4Yzs\\search.json.mozlz4", (void 0)))
1626243197830	Marionette	INFO	Listening on port 56355
1626243198057	Marionette	WARN	TLS certificate errors will be ignored for this session
JavaScript warning: https://apps.bdimg.com/libs/jquery/1.10.2/jquery.min.js, line 2: Using //@ to indicate sourceMappingURL pragmas is deprecated. Use //# instead
1626243211466	Marionette	INFO	Stopped listening on port 56355

###!!! [Child][RunMessage] Error: Channel closing: too late to send/recv, messages will be lost

1626243430757	geckodriver	INFO	Listening on 127.0.0.1:56465
1626243433790	mozrunner::runner	INFO	Running command: "C:\\Program Files\\Mozilla Firefox\\firefox.exe" "--marionette" "-foreground" "-no-remote" "-profile" "C:\\Users\\samuelPC\\AppData\\Local\\Temp\\rust_mozprofileYNFbrG"
1626243434654	Marionette	INFO	Marionette enabled
console.warn: SearchSettings: "get: No settings file exists, new profile?" (new NotFoundError("Could not open the file at C:\\Users\\samuelPC\\AppData\\Local\\Temp\\rust_mozprofileYNFbrG\\search.json.mozlz4", (void 0)))
1626243442248	Marionette	INFO	Listening on port 56473
1626243442406	Marionette	WARN	TLS certificate errors will be ignored for this session
console.error: Region.jsm: "Error fetching region" (new Error("TIMEOUT", "resource://gre/modules/Region.jsm", 772))
console.error: Region.jsm: "Failed to fetch region" (new Error("TIMEOUT", "resource://gre/modules/Region.jsm", 419))
JavaScript warning: https://apps.bdimg.com/libs/jquery/1.10.2/jquery.min.js, line 2: Using //@ to indicate sourceMappingURL pragmas is deprecated. Use //# instead
1626243459969	Marionette	INFO	Stopped listening on port 56473
1626243540096	geckodriver	INFO	Listening on 127.0.0.1:56593
1626243543140	mozrunner::runner	INFO	Running command: "C:\\Program Files\\Mozilla Firefox\\firefox.exe" "--marionette" "-foreground" "-no-remote" "-profile" "C:\\Users\\samuelPC\\AppData\\Local\\Temp\\rust_mozprofiler8Jthm"
1626243545322	Marionette	INFO	Marionette enabled
console.warn: SearchSettings: "get: No settings file exists, new profile?" (new NotFoundError("Could not open the file at C:\\Users\\samuelPC\\AppData\\Local\\Temp\\rust_mozprofiler8Jthm\\search.json.mozlz4", (void 0)))
1626243554907	Marionette	INFO	Listening on port 56601
1626243555014	Marionette	WARN	TLS certificate errors will be ignored for this session
JavaScript warning: https://apps.bdimg.com/libs/jquery/1.10.2/jquery.min.js, line 2: Using //@ to indicate sourceMappingURL pragmas is deprecated. Use //# instead
JavaScript warning: https://apps.bdimg.com/libs/jquery/1.10.2/jquery.min.js, line 2: Using //@ to indicate sourceMappingURL pragmas is deprecated. Use //# instead
1626243573988	Marionette	INFO	Stopped listening on port 56601

###!!! [Child][RunMessage] Error: Channel closing: too late to send/recv, messages will be lost

1626251547754	geckodriver	INFO	Listening on 127.0.0.1:51400
1626251550759	mozrunner::runner	INFO	Running command: "C:\\Program Files\\Mozilla Firefox\\firefox.exe" "--marionette" "-foreground" "-no-remote" "-profile" "C:\\Users\\samuelPC\\AppData\\Local\\Temp\\rust_mozprofileJoe6oH"
1626251553417	Marionette	INFO	Marionette enabled
console.warn: SearchSettings: "get: No settings file exists, new profile?" (new NotFoundError("Could not open the file at C:\\Users\\samuelPC\\AppData\\Local\\Temp\\rust_mozprofileJoe6oH\\search.json.mozlz4", (void 0)))
1626251558316	Marionette	INFO	Listening on port 51416
1626251558800	Marionette	WARN	TLS certificate errors will be ignored for this session
JavaScript warning: https://apps.bdimg.com/libs/jquery/1.10.2/jquery.min.js, line 2: Using //@ to indicate sourceMappingURL pragmas is deprecated. Use //# instead
JavaScript warning: https://apps.bdimg.com/libs/jquery/1.10.2/jquery.min.js, line 2: Using //@ to indicate sourceMappingURL pragmas is deprecated. Use //# instead

###!!! [Child][RunMessage] Error: Channel closing: too late to send/recv, messages will be lost

1626251572836	Marionette	INFO	Stopped listening on port 51416

###!!! [Child][RunMessage] Error: Channel closing: too late to send/recv, messages will be lost

